[  3%] Built target my_robot_action__cpp
[ 12%] Built target my_robot_action__rosidl_generator_c
[ 12%] Built target ament_cmake_python_symlink_my_robot_action
[ 32%] Built target my_robot_action__rosidl_typesupport_fastrtps_cpp
[ 32%] Built target my_robot_action__rosidl_typesupport_introspection_cpp
[ 41%] Built target my_robot_action__rosidl_typesupport_cpp
[ 51%] Built target my_robot_action__rosidl_typesupport_fastrtps_c
[ 61%] Built target my_robot_action__rosidl_typesupport_c
[ 70%] Built target my_robot_action__rosidl_typesupport_introspection_c
[ 70%] Built target my_robot_action
[ 74%] Built target my_robot_action__py
[ 80%] Built target my_robot_action__rosidl_generator_py
[100%] Built target my_robot_action__rosidl_typesupport_fastrtps_c__pyext
[100%] Built target my_robot_action__rosidl_typesupport_c__pyext
[100%] Built target my_robot_action__rosidl_typesupport_introspection_c__pyext
running egg_info
writing my_robot_action.egg-info/PKG-INFO
writing dependency_links to my_robot_action.egg-info/dependency_links.txt
writing top-level names to my_robot_action.egg-info/top_level.txt
reading manifest file 'my_robot_action.egg-info/SOURCES.txt'
writing manifest file 'my_robot_action.egg-info/SOURCES.txt'
[100%] Built target ament_cmake_python_build_my_robot_action_egg
-- Install configuration: ""
-- Execute custom install script
-- Up-to-date symlink: /arm_ws/install/my_robot_action/share/ament_index/resource_index/rosidl_interfaces/my_robot_action
-- Up-to-date symlink: /arm_ws/install/my_robot_action/include/my_robot_action/my_robot_action/action/detail/my_robot__functions.h
-- Up-to-date symlink: /arm_ws/install/my_robot_action/include/my_robot_action/my_robot_action/action/detail/my_robot__struct.h
-- Up-to-date symlink: /arm_ws/install/my_robot_action/include/my_robot_action/my_robot_action/action/detail/my_robot__type_support.h
-- Up-to-date symlink: /arm_ws/install/my_robot_action/include/my_robot_action/my_robot_action/action/my_robot.h
-- Up-to-date symlink: /arm_ws/install/my_robot_action/include/my_robot_action/my_robot_action/msg/rosidl_generator_c__visibility_control.h
-- Up-to-date symlink: /arm_ws/install/my_robot_action/share/my_robot_action/environment/library_path.sh
-- Up-to-date symlink: /arm_ws/install/my_robot_action/share/my_robot_action/environment/library_path.dsv
-- Up-to-date symlink: /arm_ws/install/my_robot_action/include/my_robot_action/my_robot_action/action/detail/my_robot__rosidl_typesupport_fastrtps_c.h
-- Up-to-date symlink: /arm_ws/install/my_robot_action/include/my_robot_action/my_robot_action/msg/rosidl_typesupport_fastrtps_c__visibility_control.h
-- Up-to-date symlink: /arm_ws/install/my_robot_action/include/my_robot_action/my_robot_action/action/detail/my_robot__rosidl_typesupport_introspection_c.h
-- Up-to-date symlink: /arm_ws/install/my_robot_action/include/my_robot_action/my_robot_action/msg/rosidl_typesupport_introspection_c__visibility_control.h
-- Up-to-date symlink: /arm_ws/install/my_robot_action/include/my_robot_action/my_robot_action/action/detail/my_robot__builder.hpp
-- Up-to-date symlink: /arm_ws/install/my_robot_action/include/my_robot_action/my_robot_action/action/detail/my_robot__struct.hpp
-- Up-to-date symlink: /arm_ws/install/my_robot_action/include/my_robot_action/my_robot_action/action/detail/my_robot__traits.hpp
-- Up-to-date symlink: /arm_ws/install/my_robot_action/include/my_robot_action/my_robot_action/action/my_robot.hpp
-- Up-to-date symlink: /arm_ws/install/my_robot_action/include/my_robot_action/my_robot_action/action/detail/my_robot__rosidl_typesupport_fastrtps_cpp.hpp
-- Up-to-date symlink: /arm_ws/install/my_robot_action/include/my_robot_action/my_robot_action/msg/rosidl_typesupport_fastrtps_cpp__visibility_control.h
-- Up-to-date symlink: /arm_ws/install/my_robot_action/include/my_robot_action/my_robot_action/action/detail/my_robot__rosidl_typesupport_introspection_cpp.hpp
-- Up-to-date symlink: /arm_ws/install/my_robot_action/share/my_robot_action/environment/pythonpath.sh
-- Up-to-date symlink: /arm_ws/install/my_robot_action/share/my_robot_action/environment/pythonpath.dsv
-- Up-to-date symlink: /arm_ws/install/my_robot_action/local/lib/python3.10/dist-packages/my_robot_action-0.0.0-py3.10.egg-info/PKG-INFO
-- Up-to-date symlink: /arm_ws/install/my_robot_action/local/lib/python3.10/dist-packages/my_robot_action-0.0.0-py3.10.egg-info/SOURCES.txt
-- Up-to-date symlink: /arm_ws/install/my_robot_action/local/lib/python3.10/dist-packages/my_robot_action-0.0.0-py3.10.egg-info/dependency_links.txt
-- Up-to-date symlink: /arm_ws/install/my_robot_action/local/lib/python3.10/dist-packages/my_robot_action-0.0.0-py3.10.egg-info/top_level.txt
-- Up-to-date symlink: /arm_ws/install/my_robot_action/local/lib/python3.10/dist-packages/my_robot_action/__init__.py
-- Up-to-date symlink: /arm_ws/install/my_robot_action/local/lib/python3.10/dist-packages/my_robot_action/_my_robot_action_s.ep.rosidl_typesupport_c.c
-- Up-to-date symlink: /arm_ws/install/my_robot_action/local/lib/python3.10/dist-packages/my_robot_action/_my_robot_action_s.ep.rosidl_typesupport_fastrtps_c.c
-- Up-to-date symlink: /arm_ws/install/my_robot_action/local/lib/python3.10/dist-packages/my_robot_action/_my_robot_action_s.ep.rosidl_typesupport_introspection_c.c
-- Up-to-date symlink: /arm_ws/install/my_robot_action/local/lib/python3.10/dist-packages/my_robot_action/action/__init__.py
-- Up-to-date symlink: /arm_ws/install/my_robot_action/local/lib/python3.10/dist-packages/my_robot_action/action/_my_robot.py
-- Up-to-date symlink: /arm_ws/install/my_robot_action/local/lib/python3.10/dist-packages/my_robot_action/action/_my_robot_s.c
-- Up-to-date symlink: /arm_ws/install/my_robot_action/local/lib/python3.10/dist-packages/my_robot_action/libmy_robot_action__rosidl_generator_py.so
-- Up-to-date symlink: /arm_ws/install/my_robot_action/local/lib/python3.10/dist-packages/my_robot_action/my_robot_action_s__rosidl_typesupport_c.cpython-310-x86_64-linux-gnu.so
-- Up-to-date symlink: /arm_ws/install/my_robot_action/local/lib/python3.10/dist-packages/my_robot_action/my_robot_action_s__rosidl_typesupport_fastrtps_c.cpython-310-x86_64-linux-gnu.so
-- Up-to-date symlink: /arm_ws/install/my_robot_action/local/lib/python3.10/dist-packages/my_robot_action/my_robot_action_s__rosidl_typesupport_introspection_c.cpython-310-x86_64-linux-gnu.so
-- Up-to-date symlink: /arm_ws/install/my_robot_action/local/lib/python3.10/dist-packages/my_robot_action/my_robot_action_s__rosidl_typesupport_fastrtps_c.cpython-310-x86_64-linux-gnu.so
-- Up-to-date symlink: /arm_ws/install/my_robot_action/local/lib/python3.10/dist-packages/my_robot_action/my_robot_action_s__rosidl_typesupport_introspection_c.cpython-310-x86_64-linux-gnu.so
-- Up-to-date symlink: /arm_ws/install/my_robot_action/local/lib/python3.10/dist-packages/my_robot_action/my_robot_action_s__rosidl_typesupport_c.cpython-310-x86_64-linux-gnu.so
-- Up-to-date symlink: /arm_ws/install/my_robot_action/share/my_robot_action/action/MyRobot.idl
-- Up-to-date symlink: /arm_ws/install/my_robot_action/share/my_robot_action/action/MyRobot.action
-- Up-to-date symlink: /arm_ws/install/my_robot_action/lib/my_robot_action/my_robot_action_server.py
-- Up-to-date symlink: /arm_ws/install/my_robot_action/share/ament_index/resource_index/package_run_dependencies/my_robot_action
-- Up-to-date symlink: /arm_ws/install/my_robot_action/share/ament_index/resource_index/parent_prefix_path/my_robot_action
-- Up-to-date symlink: /arm_ws/install/my_robot_action/share/my_robot_action/environment/ament_prefix_path.sh
-- Up-to-date symlink: /arm_ws/install/my_robot_action/share/my_robot_action/environment/ament_prefix_path.dsv
-- Up-to-date symlink: /arm_ws/install/my_robot_action/share/my_robot_action/environment/path.sh
-- Up-to-date symlink: /arm_ws/install/my_robot_action/share/my_robot_action/environment/path.dsv
-- Up-to-date symlink: /arm_ws/install/my_robot_action/share/my_robot_action/local_setup.bash
-- Up-to-date symlink: /arm_ws/install/my_robot_action/share/my_robot_action/local_setup.sh
-- Up-to-date symlink: /arm_ws/install/my_robot_action/share/my_robot_action/local_setup.zsh
-- Up-to-date symlink: /arm_ws/install/my_robot_action/share/my_robot_action/local_setup.dsv
-- Symlinking: /arm_ws/install/my_robot_action/share/my_robot_action/package.dsv
-- Up-to-date symlink: /arm_ws/install/my_robot_action/share/ament_index/resource_index/packages/my_robot_action
-- Up-to-date symlink: /arm_ws/install/my_robot_action/share/my_robot_action/cmake/rosidl_cmake-extras.cmake
-- Up-to-date symlink: /arm_ws/install/my_robot_action/share/my_robot_action/cmake/ament_cmake_export_dependencies-extras.cmake
-- Up-to-date symlink: /arm_ws/install/my_robot_action/share/my_robot_action/cmake/ament_cmake_export_include_directories-extras.cmake
-- Up-to-date symlink: /arm_ws/install/my_robot_action/share/my_robot_action/cmake/ament_cmake_export_libraries-extras.cmake
-- Up-to-date symlink: /arm_ws/install/my_robot_action/share/my_robot_action/cmake/ament_cmake_export_targets-extras.cmake
-- Up-to-date symlink: /arm_ws/install/my_robot_action/share/my_robot_action/cmake/rosidl_cmake_export_typesupport_targets-extras.cmake
-- Up-to-date symlink: /arm_ws/install/my_robot_action/share/my_robot_action/cmake/rosidl_cmake_export_typesupport_libraries-extras.cmake
-- Up-to-date symlink: /arm_ws/install/my_robot_action/share/my_robot_action/cmake/my_robot_actionConfig.cmake
-- Up-to-date symlink: /arm_ws/install/my_robot_action/share/my_robot_action/cmake/my_robot_actionConfig-version.cmake
-- Up-to-date symlink: /arm_ws/install/my_robot_action/share/my_robot_action/package.xml
-- Up-to-date: /arm_ws/install/my_robot_action/lib/libmy_robot_action__rosidl_generator_c.so
-- Up-to-date: /arm_ws/install/my_robot_action/lib/libmy_robot_action__rosidl_typesupport_fastrtps_c.so
-- Up-to-date: /arm_ws/install/my_robot_action/lib/libmy_robot_action__rosidl_typesupport_introspection_c.so
-- Up-to-date: /arm_ws/install/my_robot_action/lib/libmy_robot_action__rosidl_typesupport_c.so
-- Up-to-date: /arm_ws/install/my_robot_action/lib/libmy_robot_action__rosidl_typesupport_fastrtps_cpp.so
-- Up-to-date: /arm_ws/install/my_robot_action/lib/libmy_robot_action__rosidl_typesupport_introspection_cpp.so
-- Up-to-date: /arm_ws/install/my_robot_action/lib/libmy_robot_action__rosidl_typesupport_cpp.so
Listing '/arm_ws/install/my_robot_action/local/lib/python3.10/dist-packages/my_robot_action'...
Listing '/arm_ws/install/my_robot_action/local/lib/python3.10/dist-packages/my_robot_action/action'...
-- Up-to-date: /arm_ws/install/my_robot_action/lib/libmy_robot_action__rosidl_generator_py.so
-- Up-to-date: /arm_ws/install/my_robot_action/share/my_robot_action/cmake/export_my_robot_action__rosidl_generator_cExport.cmake
-- Up-to-date: /arm_ws/install/my_robot_action/share/my_robot_action/cmake/export_my_robot_action__rosidl_generator_cExport-noconfig.cmake
-- Up-to-date: /arm_ws/install/my_robot_action/share/my_robot_action/cmake/export_my_robot_action__rosidl_typesupport_fastrtps_cExport.cmake
-- Up-to-date: /arm_ws/install/my_robot_action/share/my_robot_action/cmake/export_my_robot_action__rosidl_typesupport_fastrtps_cExport-noconfig.cmake
-- Up-to-date: /arm_ws/install/my_robot_action/share/my_robot_action/cmake/my_robot_action__rosidl_typesupport_introspection_cExport.cmake
-- Up-to-date: /arm_ws/install/my_robot_action/share/my_robot_action/cmake/my_robot_action__rosidl_typesupport_introspection_cExport-noconfig.cmake
-- Up-to-date: /arm_ws/install/my_robot_action/share/my_robot_action/cmake/my_robot_action__rosidl_typesupport_cExport.cmake
-- Up-to-date: /arm_ws/install/my_robot_action/share/my_robot_action/cmake/my_robot_action__rosidl_typesupport_cExport-noconfig.cmake
-- Up-to-date: /arm_ws/install/my_robot_action/share/my_robot_action/cmake/export_my_robot_action__rosidl_generator_cppExport.cmake
-- Up-to-date: /arm_ws/install/my_robot_action/share/my_robot_action/cmake/export_my_robot_action__rosidl_typesupport_fastrtps_cppExport.cmake
-- Up-to-date: /arm_ws/install/my_robot_action/share/my_robot_action/cmake/export_my_robot_action__rosidl_typesupport_fastrtps_cppExport-noconfig.cmake
-- Up-to-date: /arm_ws/install/my_robot_action/share/my_robot_action/cmake/my_robot_action__rosidl_typesupport_introspection_cppExport.cmake
-- Up-to-date: /arm_ws/install/my_robot_action/share/my_robot_action/cmake/my_robot_action__rosidl_typesupport_introspection_cppExport-noconfig.cmake
-- Up-to-date: /arm_ws/install/my_robot_action/share/my_robot_action/cmake/my_robot_action__rosidl_typesupport_cppExport.cmake
-- Up-to-date: /arm_ws/install/my_robot_action/share/my_robot_action/cmake/my_robot_action__rosidl_typesupport_cppExport-noconfig.cmake
-- Up-to-date: /arm_ws/install/my_robot_action/share/my_robot_action/cmake/export_my_robot_action__rosidl_generator_pyExport.cmake
-- Up-to-date: /arm_ws/install/my_robot_action/share/my_robot_action/cmake/export_my_robot_action__rosidl_generator_pyExport-noconfig.cmake
