[0.082s] Invoking command in '/arm_ws/build/my_robot_action': CMAKE_PREFIX_PATH=${CMAKE_PREFIX_PATH}:/opt/ros/humble /usr/bin/cmake --build /arm_ws/build/my_robot_action -- -j8 -l8
[0.465s] [  3%] Built target my_robot_action__cpp
[0.478s] [ 12%] Built target my_robot_action__rosidl_generator_c
[0.488s] [ 12%] Built target ament_cmake_python_symlink_my_robot_action
[0.550s] [ 32%] Built target my_robot_action__rosidl_typesupport_fastrtps_cpp
[0.550s] [ 32%] Built target my_robot_action__rosidl_typesupport_introspection_cpp
[0.553s] [ 41%] Built target my_robot_action__rosidl_typesupport_cpp
[0.554s] [ 51%] Built target my_robot_action__rosidl_typesupport_fastrtps_c
[0.558s] [ 61%] Built target my_robot_action__rosidl_typesupport_c
[0.558s] [ 70%] Built target my_robot_action__rosidl_typesupport_introspection_c
[0.598s] [ 70%] Built target my_robot_action
[0.635s] [ 74%] Built target my_robot_action__py
[0.685s] [ 80%] Built target my_robot_action__rosidl_generator_py
[0.722s] [100%] Built target my_robot_action__rosidl_typesupport_fastrtps_c__pyext
[0.722s] [100%] Built target my_robot_action__rosidl_typesupport_c__pyext
[0.722s] [100%] Built target my_robot_action__rosidl_typesupport_introspection_c__pyext
[0.914s] running egg_info
[0.915s] writing my_robot_action.egg-info/PKG-INFO
[0.915s] writing dependency_links to my_robot_action.egg-info/dependency_links.txt
[0.915s] writing top-level names to my_robot_action.egg-info/top_level.txt
[0.917s] reading manifest file 'my_robot_action.egg-info/SOURCES.txt'
[0.918s] writing manifest file 'my_robot_action.egg-info/SOURCES.txt'
[0.960s] [100%] Built target ament_cmake_python_build_my_robot_action_egg
[0.974s] Invoked command in '/arm_ws/build/my_robot_action' returned '0': CMAKE_PREFIX_PATH=${CMAKE_PREFIX_PATH}:/opt/ros/humble /usr/bin/cmake --build /arm_ws/build/my_robot_action -- -j8 -l8
[1.071s] Invoking command in '/arm_ws/build/my_robot_action': CMAKE_PREFIX_PATH=${CMAKE_PREFIX_PATH}:/opt/ros/humble /usr/bin/cmake --install /arm_ws/build/my_robot_action
[1.079s] -- Install configuration: ""
[1.079s] -- Execute custom install script
[1.079s] -- Up-to-date symlink: /arm_ws/install/my_robot_action/share/ament_index/resource_index/rosidl_interfaces/my_robot_action
[1.080s] -- Up-to-date symlink: /arm_ws/install/my_robot_action/include/my_robot_action/my_robot_action/action/detail/my_robot__functions.h
[1.080s] -- Up-to-date symlink: /arm_ws/install/my_robot_action/include/my_robot_action/my_robot_action/action/detail/my_robot__struct.h
[1.080s] -- Up-to-date symlink: /arm_ws/install/my_robot_action/include/my_robot_action/my_robot_action/action/detail/my_robot__type_support.h
[1.080s] -- Up-to-date symlink: /arm_ws/install/my_robot_action/include/my_robot_action/my_robot_action/action/my_robot.h
[1.080s] -- Up-to-date symlink: /arm_ws/install/my_robot_action/include/my_robot_action/my_robot_action/msg/rosidl_generator_c__visibility_control.h
[1.081s] -- Up-to-date symlink: /arm_ws/install/my_robot_action/share/my_robot_action/environment/library_path.sh
[1.081s] -- Up-to-date symlink: /arm_ws/install/my_robot_action/share/my_robot_action/environment/library_path.dsv
[1.081s] -- Up-to-date symlink: /arm_ws/install/my_robot_action/include/my_robot_action/my_robot_action/action/detail/my_robot__rosidl_typesupport_fastrtps_c.h
[1.081s] -- Up-to-date symlink: /arm_ws/install/my_robot_action/include/my_robot_action/my_robot_action/msg/rosidl_typesupport_fastrtps_c__visibility_control.h
[1.082s] -- Up-to-date symlink: /arm_ws/install/my_robot_action/include/my_robot_action/my_robot_action/action/detail/my_robot__rosidl_typesupport_introspection_c.h
[1.082s] -- Up-to-date symlink: /arm_ws/install/my_robot_action/include/my_robot_action/my_robot_action/msg/rosidl_typesupport_introspection_c__visibility_control.h
[1.082s] -- Up-to-date symlink: /arm_ws/install/my_robot_action/include/my_robot_action/my_robot_action/action/detail/my_robot__builder.hpp
[1.082s] -- Up-to-date symlink: /arm_ws/install/my_robot_action/include/my_robot_action/my_robot_action/action/detail/my_robot__struct.hpp
[1.083s] -- Up-to-date symlink: /arm_ws/install/my_robot_action/include/my_robot_action/my_robot_action/action/detail/my_robot__traits.hpp
[1.083s] -- Up-to-date symlink: /arm_ws/install/my_robot_action/include/my_robot_action/my_robot_action/action/my_robot.hpp
[1.083s] -- Up-to-date symlink: /arm_ws/install/my_robot_action/include/my_robot_action/my_robot_action/action/detail/my_robot__rosidl_typesupport_fastrtps_cpp.hpp
[1.083s] -- Up-to-date symlink: /arm_ws/install/my_robot_action/include/my_robot_action/my_robot_action/msg/rosidl_typesupport_fastrtps_cpp__visibility_control.h
[1.083s] -- Up-to-date symlink: /arm_ws/install/my_robot_action/include/my_robot_action/my_robot_action/action/detail/my_robot__rosidl_typesupport_introspection_cpp.hpp
[1.084s] -- Up-to-date symlink: /arm_ws/install/my_robot_action/share/my_robot_action/environment/pythonpath.sh
[1.084s] -- Up-to-date symlink: /arm_ws/install/my_robot_action/share/my_robot_action/environment/pythonpath.dsv
[1.084s] -- Up-to-date symlink: /arm_ws/install/my_robot_action/local/lib/python3.10/dist-packages/my_robot_action-0.0.0-py3.10.egg-info/PKG-INFO
[1.084s] -- Up-to-date symlink: /arm_ws/install/my_robot_action/local/lib/python3.10/dist-packages/my_robot_action-0.0.0-py3.10.egg-info/SOURCES.txt
[1.084s] -- Up-to-date symlink: /arm_ws/install/my_robot_action/local/lib/python3.10/dist-packages/my_robot_action-0.0.0-py3.10.egg-info/dependency_links.txt
[1.085s] -- Up-to-date symlink: /arm_ws/install/my_robot_action/local/lib/python3.10/dist-packages/my_robot_action-0.0.0-py3.10.egg-info/top_level.txt
[1.086s] -- Up-to-date symlink: /arm_ws/install/my_robot_action/local/lib/python3.10/dist-packages/my_robot_action/__init__.py
[1.086s] -- Up-to-date symlink: /arm_ws/install/my_robot_action/local/lib/python3.10/dist-packages/my_robot_action/_my_robot_action_s.ep.rosidl_typesupport_c.c
[1.086s] -- Up-to-date symlink: /arm_ws/install/my_robot_action/local/lib/python3.10/dist-packages/my_robot_action/_my_robot_action_s.ep.rosidl_typesupport_fastrtps_c.c
[1.086s] -- Up-to-date symlink: /arm_ws/install/my_robot_action/local/lib/python3.10/dist-packages/my_robot_action/_my_robot_action_s.ep.rosidl_typesupport_introspection_c.c
[1.086s] -- Up-to-date symlink: /arm_ws/install/my_robot_action/local/lib/python3.10/dist-packages/my_robot_action/action/__init__.py
[1.086s] -- Up-to-date symlink: /arm_ws/install/my_robot_action/local/lib/python3.10/dist-packages/my_robot_action/action/_my_robot.py
[1.087s] -- Up-to-date symlink: /arm_ws/install/my_robot_action/local/lib/python3.10/dist-packages/my_robot_action/action/_my_robot_s.c
[1.087s] -- Up-to-date symlink: /arm_ws/install/my_robot_action/local/lib/python3.10/dist-packages/my_robot_action/libmy_robot_action__rosidl_generator_py.so
[1.087s] -- Up-to-date symlink: /arm_ws/install/my_robot_action/local/lib/python3.10/dist-packages/my_robot_action/my_robot_action_s__rosidl_typesupport_c.cpython-310-x86_64-linux-gnu.so
[1.087s] -- Up-to-date symlink: /arm_ws/install/my_robot_action/local/lib/python3.10/dist-packages/my_robot_action/my_robot_action_s__rosidl_typesupport_fastrtps_c.cpython-310-x86_64-linux-gnu.so
[1.087s] -- Up-to-date symlink: /arm_ws/install/my_robot_action/local/lib/python3.10/dist-packages/my_robot_action/my_robot_action_s__rosidl_typesupport_introspection_c.cpython-310-x86_64-linux-gnu.so
[1.088s] -- Up-to-date symlink: /arm_ws/install/my_robot_action/local/lib/python3.10/dist-packages/my_robot_action/my_robot_action_s__rosidl_typesupport_fastrtps_c.cpython-310-x86_64-linux-gnu.so
[1.088s] -- Up-to-date symlink: /arm_ws/install/my_robot_action/local/lib/python3.10/dist-packages/my_robot_action/my_robot_action_s__rosidl_typesupport_introspection_c.cpython-310-x86_64-linux-gnu.so
[1.088s] -- Up-to-date symlink: /arm_ws/install/my_robot_action/local/lib/python3.10/dist-packages/my_robot_action/my_robot_action_s__rosidl_typesupport_c.cpython-310-x86_64-linux-gnu.so
[1.089s] -- Up-to-date symlink: /arm_ws/install/my_robot_action/share/my_robot_action/action/MyRobot.idl
[1.089s] -- Up-to-date symlink: /arm_ws/install/my_robot_action/share/my_robot_action/action/MyRobot.action
[1.089s] -- Up-to-date symlink: /arm_ws/install/my_robot_action/lib/my_robot_action/my_robot_action_server.py
[1.089s] -- Up-to-date symlink: /arm_ws/install/my_robot_action/share/ament_index/resource_index/package_run_dependencies/my_robot_action
[1.090s] -- Up-to-date symlink: /arm_ws/install/my_robot_action/share/ament_index/resource_index/parent_prefix_path/my_robot_action
[1.090s] -- Up-to-date symlink: /arm_ws/install/my_robot_action/share/my_robot_action/environment/ament_prefix_path.sh
[1.090s] -- Up-to-date symlink: /arm_ws/install/my_robot_action/share/my_robot_action/environment/ament_prefix_path.dsv
[1.091s] -- Up-to-date symlink: /arm_ws/install/my_robot_action/share/my_robot_action/environment/path.sh
[1.091s] -- Up-to-date symlink: /arm_ws/install/my_robot_action/share/my_robot_action/environment/path.dsv
[1.091s] -- Up-to-date symlink: /arm_ws/install/my_robot_action/share/my_robot_action/local_setup.bash
[1.091s] -- Up-to-date symlink: /arm_ws/install/my_robot_action/share/my_robot_action/local_setup.sh
[1.092s] -- Up-to-date symlink: /arm_ws/install/my_robot_action/share/my_robot_action/local_setup.zsh
[1.092s] -- Up-to-date symlink: /arm_ws/install/my_robot_action/share/my_robot_action/local_setup.dsv
[1.092s] -- Symlinking: /arm_ws/install/my_robot_action/share/my_robot_action/package.dsv
[1.109s] -- Up-to-date symlink: /arm_ws/install/my_robot_action/share/ament_index/resource_index/packages/my_robot_action
[1.109s] -- Up-to-date symlink: /arm_ws/install/my_robot_action/share/my_robot_action/cmake/rosidl_cmake-extras.cmake
[1.109s] -- Up-to-date symlink: /arm_ws/install/my_robot_action/share/my_robot_action/cmake/ament_cmake_export_dependencies-extras.cmake
[1.110s] -- Up-to-date symlink: /arm_ws/install/my_robot_action/share/my_robot_action/cmake/ament_cmake_export_include_directories-extras.cmake
[1.110s] -- Up-to-date symlink: /arm_ws/install/my_robot_action/share/my_robot_action/cmake/ament_cmake_export_libraries-extras.cmake
[1.110s] -- Up-to-date symlink: /arm_ws/install/my_robot_action/share/my_robot_action/cmake/ament_cmake_export_targets-extras.cmake
[1.110s] -- Up-to-date symlink: /arm_ws/install/my_robot_action/share/my_robot_action/cmake/rosidl_cmake_export_typesupport_targets-extras.cmake
[1.110s] -- Up-to-date symlink: /arm_ws/install/my_robot_action/share/my_robot_action/cmake/rosidl_cmake_export_typesupport_libraries-extras.cmake
[1.110s] -- Up-to-date symlink: /arm_ws/install/my_robot_action/share/my_robot_action/cmake/my_robot_actionConfig.cmake
[1.111s] -- Up-to-date symlink: /arm_ws/install/my_robot_action/share/my_robot_action/cmake/my_robot_actionConfig-version.cmake
[1.111s] -- Up-to-date symlink: /arm_ws/install/my_robot_action/share/my_robot_action/package.xml
[1.111s] -- Up-to-date: /arm_ws/install/my_robot_action/lib/libmy_robot_action__rosidl_generator_c.so
[1.111s] -- Up-to-date: /arm_ws/install/my_robot_action/lib/libmy_robot_action__rosidl_typesupport_fastrtps_c.so
[1.112s] -- Up-to-date: /arm_ws/install/my_robot_action/lib/libmy_robot_action__rosidl_typesupport_introspection_c.so
[1.112s] -- Up-to-date: /arm_ws/install/my_robot_action/lib/libmy_robot_action__rosidl_typesupport_c.so
[1.113s] -- Up-to-date: /arm_ws/install/my_robot_action/lib/libmy_robot_action__rosidl_typesupport_fastrtps_cpp.so
[1.113s] -- Up-to-date: /arm_ws/install/my_robot_action/lib/libmy_robot_action__rosidl_typesupport_introspection_cpp.so
[1.114s] -- Up-to-date: /arm_ws/install/my_robot_action/lib/libmy_robot_action__rosidl_typesupport_cpp.so
[1.158s] Listing '/arm_ws/install/my_robot_action/local/lib/python3.10/dist-packages/my_robot_action'...
[1.158s] Listing '/arm_ws/install/my_robot_action/local/lib/python3.10/dist-packages/my_robot_action/action'...
[1.166s] -- Up-to-date: /arm_ws/install/my_robot_action/lib/libmy_robot_action__rosidl_generator_py.so
[1.166s] -- Up-to-date: /arm_ws/install/my_robot_action/share/my_robot_action/cmake/export_my_robot_action__rosidl_generator_cExport.cmake
[1.166s] -- Up-to-date: /arm_ws/install/my_robot_action/share/my_robot_action/cmake/export_my_robot_action__rosidl_generator_cExport-noconfig.cmake
[1.166s] -- Up-to-date: /arm_ws/install/my_robot_action/share/my_robot_action/cmake/export_my_robot_action__rosidl_typesupport_fastrtps_cExport.cmake
[1.166s] -- Up-to-date: /arm_ws/install/my_robot_action/share/my_robot_action/cmake/export_my_robot_action__rosidl_typesupport_fastrtps_cExport-noconfig.cmake
[1.166s] -- Up-to-date: /arm_ws/install/my_robot_action/share/my_robot_action/cmake/my_robot_action__rosidl_typesupport_introspection_cExport.cmake
[1.166s] -- Up-to-date: /arm_ws/install/my_robot_action/share/my_robot_action/cmake/my_robot_action__rosidl_typesupport_introspection_cExport-noconfig.cmake
[1.167s] -- Up-to-date: /arm_ws/install/my_robot_action/share/my_robot_action/cmake/my_robot_action__rosidl_typesupport_cExport.cmake
[1.167s] -- Up-to-date: /arm_ws/install/my_robot_action/share/my_robot_action/cmake/my_robot_action__rosidl_typesupport_cExport-noconfig.cmake
[1.167s] -- Up-to-date: /arm_ws/install/my_robot_action/share/my_robot_action/cmake/export_my_robot_action__rosidl_generator_cppExport.cmake
[1.167s] -- Up-to-date: /arm_ws/install/my_robot_action/share/my_robot_action/cmake/export_my_robot_action__rosidl_typesupport_fastrtps_cppExport.cmake
[1.167s] -- Up-to-date: /arm_ws/install/my_robot_action/share/my_robot_action/cmake/export_my_robot_action__rosidl_typesupport_fastrtps_cppExport-noconfig.cmake
[1.167s] -- Up-to-date: /arm_ws/install/my_robot_action/share/my_robot_action/cmake/my_robot_action__rosidl_typesupport_introspection_cppExport.cmake
[1.167s] -- Up-to-date: /arm_ws/install/my_robot_action/share/my_robot_action/cmake/my_robot_action__rosidl_typesupport_introspection_cppExport-noconfig.cmake
[1.167s] -- Up-to-date: /arm_ws/install/my_robot_action/share/my_robot_action/cmake/my_robot_action__rosidl_typesupport_cppExport.cmake
[1.168s] -- Up-to-date: /arm_ws/install/my_robot_action/share/my_robot_action/cmake/my_robot_action__rosidl_typesupport_cppExport-noconfig.cmake
[1.168s] -- Up-to-date: /arm_ws/install/my_robot_action/share/my_robot_action/cmake/export_my_robot_action__rosidl_generator_pyExport.cmake
[1.168s] -- Up-to-date: /arm_ws/install/my_robot_action/share/my_robot_action/cmake/export_my_robot_action__rosidl_generator_pyExport-noconfig.cmake
[1.172s] Invoked command in '/arm_ws/build/my_robot_action' returned '0': CMAKE_PREFIX_PATH=${CMAKE_PREFIX_PATH}:/opt/ros/humble /usr/bin/cmake --install /arm_ws/build/my_robot_action
