[1.441s] DEBUG:colcon:Command line arguments: ['/usr/bin/colcon', 'build', '--symlink-install', '--packages-select', 'my_robot_action']
[1.441s] DEBUG:colcon:Parsed command line arguments: Namespace(log_base=None, log_level=None, verb_name='build', build_base='build', install_base='install', merge_install=False, symlink_install=True, test_result_base=None, continue_on_error=False, executor='parallel', parallel_workers=8, event_handlers=None, ignore_user_meta=False, metas=['./colcon.meta'], base_paths=['.'], packages_ignore=None, packages_ignore_regex=None, paths=None, packages_up_to=None, packages_up_to_regex=None, packages_above=None, packages_above_and_dependencies=None, packages_above_depth=None, packages_select_by_dep=None, packages_skip_by_dep=None, packages_skip_up_to=None, packages_select_build_failed=False, packages_skip_build_finished=False, packages_select_test_failures=False, packages_skip_test_passed=False, packages_select=['my_robot_action'], packages_skip=None, packages_select_regex=None, packages_skip_regex=None, packages_start=None, packages_end=None, cmake_args=None, cmake_target=None, cmake_target_skip_unavailable=False, cmake_clean_cache=False, cmake_clean_first=False, cmake_force_configure=False, ament_cmake_args=None, catkin_cmake_args=None, catkin_skip_building_tests=False, mixin_files=None, mixin=None, verb_parser=<colcon_mixin.mixin.mixin_argument.MixinArgumentDecorator object at 0x7ff9672e2200>, verb_extension=<colcon_core.verb.build.BuildVerb object at 0x7ff9672e18d0>, main=<bound method BuildVerb.main of <colcon_core.verb.build.BuildVerb object at 0x7ff9672e18d0>>, mixin_verb=('build',))
[1.530s] Level 1:colcon.colcon_core.package_discovery:discover_packages(colcon_meta) check parameters
[1.530s] INFO:colcon.colcon_metadata.package_discovery.colcon_meta:Using configuration from '/root/.colcon/metadata/default/Gazebo.meta'
[1.531s] INFO:colcon.colcon_metadata.package_discovery.colcon_meta:Using configuration from '/root/.colcon/metadata/default/fastrtps.meta'
[1.531s] Level 1:colcon.colcon_core.package_discovery:discover_packages(recursive) check parameters
[1.531s] Level 1:colcon.colcon_core.package_discovery:discover_packages(ignore) check parameters
[1.531s] Level 1:colcon.colcon_core.package_discovery:discover_packages(path) check parameters
[1.531s] Level 1:colcon.colcon_core.package_discovery:discover_packages(colcon_meta) discover
[1.531s] Level 1:colcon.colcon_core.package_discovery:discover_packages(recursive) discover
[1.531s] INFO:colcon.colcon_core.package_discovery:Crawling recursively for packages in '/arm_ws'
[1.531s] Level 1:colcon.colcon_core.package_identification:_identify(.) by extensions ['ignore', 'ignore_ament_install']
[1.531s] Level 1:colcon.colcon_core.package_identification:_identify(.) by extension 'ignore'
[1.531s] Level 1:colcon.colcon_core.package_identification:_identify(.) by extension 'ignore_ament_install'
[1.531s] Level 1:colcon.colcon_core.package_identification:_identify(.) by extensions ['colcon_pkg']
[1.531s] Level 1:colcon.colcon_core.package_identification:_identify(.) by extension 'colcon_pkg'
[1.531s] Level 1:colcon.colcon_core.package_identification:_identify(.) by extensions ['colcon_meta']
[1.531s] Level 1:colcon.colcon_core.package_identification:_identify(.) by extension 'colcon_meta'
[1.531s] Level 1:colcon.colcon_core.package_identification:_identify(.) by extensions ['ros']
[1.532s] Level 1:colcon.colcon_core.package_identification:_identify(.) by extension 'ros'
[1.546s] Level 1:colcon.colcon_core.package_identification:_identify(.) by extensions ['cmake', 'python']
[1.546s] Level 1:colcon.colcon_core.package_identification:_identify(.) by extension 'cmake'
[1.546s] Level 1:colcon.colcon_core.package_identification:_identify(.) by extension 'python'
[1.547s] Level 1:colcon.colcon_core.package_identification:_identify(.) by extensions ['python_setup_py']
[1.547s] Level 1:colcon.colcon_core.package_identification:_identify(.) by extension 'python_setup_py'
[1.547s] Level 1:colcon.colcon_core.package_identification:_identify(build) by extensions ['ignore', 'ignore_ament_install']
[1.547s] Level 1:colcon.colcon_core.package_identification:_identify(build) by extension 'ignore'
[1.547s] Level 1:colcon.colcon_core.package_identification:_identify(build) ignored
[1.548s] Level 1:colcon.colcon_core.package_identification:_identify(install) by extensions ['ignore', 'ignore_ament_install']
[1.548s] Level 1:colcon.colcon_core.package_identification:_identify(install) by extension 'ignore'
[1.548s] Level 1:colcon.colcon_core.package_identification:_identify(install) ignored
[1.548s] Level 1:colcon.colcon_core.package_identification:_identify(log) by extensions ['ignore', 'ignore_ament_install']
[1.548s] Level 1:colcon.colcon_core.package_identification:_identify(log) by extension 'ignore'
[1.548s] Level 1:colcon.colcon_core.package_identification:_identify(log) ignored
[1.549s] Level 1:colcon.colcon_core.package_identification:_identify(src) by extensions ['ignore', 'ignore_ament_install']
[1.549s] Level 1:colcon.colcon_core.package_identification:_identify(src) by extension 'ignore'
[1.549s] Level 1:colcon.colcon_core.package_identification:_identify(src) by extension 'ignore_ament_install'
[1.549s] Level 1:colcon.colcon_core.package_identification:_identify(src) by extensions ['colcon_pkg']
[1.549s] Level 1:colcon.colcon_core.package_identification:_identify(src) by extension 'colcon_pkg'
[1.549s] Level 1:colcon.colcon_core.package_identification:_identify(src) by extensions ['colcon_meta']
[1.549s] Level 1:colcon.colcon_core.package_identification:_identify(src) by extension 'colcon_meta'
[1.549s] Level 1:colcon.colcon_core.package_identification:_identify(src) by extensions ['ros']
[1.549s] Level 1:colcon.colcon_core.package_identification:_identify(src) by extension 'ros'
[1.549s] Level 1:colcon.colcon_core.package_identification:_identify(src) by extensions ['cmake', 'python']
[1.549s] Level 1:colcon.colcon_core.package_identification:_identify(src) by extension 'cmake'
[1.550s] Level 1:colcon.colcon_core.package_identification:_identify(src) by extension 'python'
[1.550s] Level 1:colcon.colcon_core.package_identification:_identify(src) by extensions ['python_setup_py']
[1.550s] Level 1:colcon.colcon_core.package_identification:_identify(src) by extension 'python_setup_py'
[1.550s] Level 1:colcon.colcon_core.package_identification:_identify(src/arm02) by extensions ['ignore', 'ignore_ament_install']
[1.550s] Level 1:colcon.colcon_core.package_identification:_identify(src/arm02) by extension 'ignore'
[1.550s] Level 1:colcon.colcon_core.package_identification:_identify(src/arm02) by extension 'ignore_ament_install'
[1.551s] Level 1:colcon.colcon_core.package_identification:_identify(src/arm02) by extensions ['colcon_pkg']
[1.551s] Level 1:colcon.colcon_core.package_identification:_identify(src/arm02) by extension 'colcon_pkg'
[1.551s] Level 1:colcon.colcon_core.package_identification:_identify(src/arm02) by extensions ['colcon_meta']
[1.551s] Level 1:colcon.colcon_core.package_identification:_identify(src/arm02) by extension 'colcon_meta'
[1.551s] Level 1:colcon.colcon_core.package_identification:_identify(src/arm02) by extensions ['ros']
[1.551s] Level 1:colcon.colcon_core.package_identification:_identify(src/arm02) by extension 'ros'
[1.556s] DEBUG:colcon.colcon_core.package_identification:Package 'src/arm02' with type 'ros.ament_cmake' and name 'arm02'
[1.557s] Level 1:colcon.colcon_core.package_identification:_identify(src/fibonacci_sequence_action) by extensions ['ignore', 'ignore_ament_install']
[1.557s] Level 1:colcon.colcon_core.package_identification:_identify(src/fibonacci_sequence_action) by extension 'ignore'
[1.557s] Level 1:colcon.colcon_core.package_identification:_identify(src/fibonacci_sequence_action) by extension 'ignore_ament_install'
[1.557s] Level 1:colcon.colcon_core.package_identification:_identify(src/fibonacci_sequence_action) by extensions ['colcon_pkg']
[1.557s] Level 1:colcon.colcon_core.package_identification:_identify(src/fibonacci_sequence_action) by extension 'colcon_pkg'
[1.557s] Level 1:colcon.colcon_core.package_identification:_identify(src/fibonacci_sequence_action) by extensions ['colcon_meta']
[1.557s] Level 1:colcon.colcon_core.package_identification:_identify(src/fibonacci_sequence_action) by extension 'colcon_meta'
[1.557s] Level 1:colcon.colcon_core.package_identification:_identify(src/fibonacci_sequence_action) by extensions ['ros']
[1.557s] Level 1:colcon.colcon_core.package_identification:_identify(src/fibonacci_sequence_action) by extension 'ros'
[1.557s] Level 1:colcon.colcon_core.package_identification:_identify(src/fibonacci_sequence_action) by extensions ['cmake', 'python']
[1.557s] Level 1:colcon.colcon_core.package_identification:_identify(src/fibonacci_sequence_action) by extension 'cmake'
[1.560s] Level 1:colcon.colcon_core.package_identification:_identify(src/fibonacci_sequence_action) by extension 'python'
[1.560s] DEBUG:colcon.colcon_core.package_identification:Package 'src/fibonacci_sequence_action' with type 'cmake' and name 'fibonacci_sequence_action'
[1.561s] Level 1:colcon.colcon_core.package_identification:_identify(src/my_robot_action) by extensions ['ignore', 'ignore_ament_install']
[1.561s] Level 1:colcon.colcon_core.package_identification:_identify(src/my_robot_action) by extension 'ignore'
[1.562s] Level 1:colcon.colcon_core.package_identification:_identify(src/my_robot_action) by extension 'ignore_ament_install'
[1.562s] Level 1:colcon.colcon_core.package_identification:_identify(src/my_robot_action) by extensions ['colcon_pkg']
[1.562s] Level 1:colcon.colcon_core.package_identification:_identify(src/my_robot_action) by extension 'colcon_pkg'
[1.562s] Level 1:colcon.colcon_core.package_identification:_identify(src/my_robot_action) by extensions ['colcon_meta']
[1.562s] Level 1:colcon.colcon_core.package_identification:_identify(src/my_robot_action) by extension 'colcon_meta'
[1.562s] Level 1:colcon.colcon_core.package_identification:_identify(src/my_robot_action) by extensions ['ros']
[1.562s] Level 1:colcon.colcon_core.package_identification:_identify(src/my_robot_action) by extension 'ros'
[1.565s] DEBUG:colcon.colcon_core.package_identification:Package 'src/my_robot_action' with type 'ros.ament_cmake' and name 'my_robot_action'
[1.565s] Level 1:colcon.colcon_core.package_discovery:discover_packages(recursive) using defaults
[1.565s] Level 1:colcon.colcon_core.package_discovery:discover_packages(ignore) discover
[1.565s] Level 1:colcon.colcon_core.package_discovery:discover_packages(ignore) using defaults
[1.565s] Level 1:colcon.colcon_core.package_discovery:discover_packages(path) discover
[1.565s] Level 1:colcon.colcon_core.package_discovery:discover_packages(path) using defaults
[1.640s] INFO:colcon.colcon_core.package_selection:Skipping not selected package 'arm02' in 'src/arm02'
[1.640s] INFO:colcon.colcon_core.package_selection:Skipping not selected package 'fibonacci_sequence_action' in 'src/fibonacci_sequence_action'
[1.657s] Level 5:colcon.colcon_core.verb:set package 'my_robot_action' build argument 'cmake_args' from command line to 'None'
[1.658s] Level 5:colcon.colcon_core.verb:set package 'my_robot_action' build argument 'cmake_target' from command line to 'None'
[1.658s] Level 5:colcon.colcon_core.verb:set package 'my_robot_action' build argument 'cmake_target_skip_unavailable' from command line to 'False'
[1.658s] Level 5:colcon.colcon_core.verb:set package 'my_robot_action' build argument 'cmake_clean_cache' from command line to 'False'
[1.658s] Level 5:colcon.colcon_core.verb:set package 'my_robot_action' build argument 'cmake_clean_first' from command line to 'False'
[1.658s] Level 5:colcon.colcon_core.verb:set package 'my_robot_action' build argument 'cmake_force_configure' from command line to 'False'
[1.658s] Level 5:colcon.colcon_core.verb:set package 'my_robot_action' build argument 'ament_cmake_args' from command line to 'None'
[1.658s] Level 5:colcon.colcon_core.verb:set package 'my_robot_action' build argument 'catkin_cmake_args' from command line to 'None'
[1.658s] Level 5:colcon.colcon_core.verb:set package 'my_robot_action' build argument 'catkin_skip_building_tests' from command line to 'False'
[1.658s] DEBUG:colcon.colcon_core.verb:Building package 'my_robot_action' with the following arguments: {'ament_cmake_args': None, 'build_base': '/arm_ws/build/my_robot_action', 'catkin_cmake_args': None, 'catkin_skip_building_tests': False, 'cmake_args': None, 'cmake_clean_cache': False, 'cmake_clean_first': False, 'cmake_force_configure': False, 'cmake_target': None, 'cmake_target_skip_unavailable': False, 'install_base': '/arm_ws/install/my_robot_action', 'merge_install': False, 'path': '/arm_ws/src/my_robot_action', 'symlink_install': True, 'test_result_base': None}
[1.674s] INFO:colcon.colcon_core.executor:Executing jobs using 'parallel' executor
[1.689s] DEBUG:colcon.colcon_parallel_executor.executor.parallel:run_until_complete
[1.690s] INFO:colcon.colcon_ros.task.ament_cmake.build:Building ROS package in '/arm_ws/src/my_robot_action' with build type 'ament_cmake'
[1.690s] INFO:colcon.colcon_cmake.task.cmake.build:Building CMake package in '/arm_ws/src/my_robot_action'
[1.713s] INFO:colcon.colcon_core.plugin_system:Skipping extension 'colcon_core.shell.bat': Not used on non-Windows systems
[1.713s] INFO:colcon.colcon_core.shell:Skip shell extension 'powershell' for command environment: Not usable outside of PowerShell
[1.713s] DEBUG:colcon.colcon_core.shell:Skip shell extension 'dsv' for command environment
[1.773s] DEBUG:colcon.colcon_core.event_handler.log_command:Invoking command in '/arm_ws/build/my_robot_action': CMAKE_PREFIX_PATH=${CMAKE_PREFIX_PATH}:/opt/ros/humble /usr/bin/cmake --build /arm_ws/build/my_robot_action -- -j8 -l8
[2.664s] DEBUG:colcon.colcon_core.event_handler.log_command:Invoked command in '/arm_ws/build/my_robot_action' returned '0': CMAKE_PREFIX_PATH=${CMAKE_PREFIX_PATH}:/opt/ros/humble /usr/bin/cmake --build /arm_ws/build/my_robot_action -- -j8 -l8
[2.762s] DEBUG:colcon.colcon_core.event_handler.log_command:Invoking command in '/arm_ws/build/my_robot_action': CMAKE_PREFIX_PATH=${CMAKE_PREFIX_PATH}:/opt/ros/humble /usr/bin/cmake --install /arm_ws/build/my_robot_action
[2.862s] Level 1:colcon.colcon_core.environment:create_environment_scripts_only(my_robot_action)
[2.862s] DEBUG:colcon.colcon_core.event_handler.log_command:Invoked command in '/arm_ws/build/my_robot_action' returned '0': CMAKE_PREFIX_PATH=${CMAKE_PREFIX_PATH}:/opt/ros/humble /usr/bin/cmake --install /arm_ws/build/my_robot_action
[2.881s] Level 1:colcon.colcon_core.environment:checking '/arm_ws/install/my_robot_action' for CMake module files
[2.882s] Level 1:colcon.colcon_core.environment:checking '/arm_ws/install/my_robot_action' for CMake config files
[2.883s] Level 1:colcon.colcon_core.shell:create_environment_hook('my_robot_action', 'cmake_prefix_path')
[2.900s] INFO:colcon.colcon_core.shell:Creating environment hook '/arm_ws/install/my_robot_action/share/my_robot_action/hook/cmake_prefix_path.ps1'
[2.901s] INFO:colcon.colcon_core.shell:Creating environment descriptor '/arm_ws/install/my_robot_action/share/my_robot_action/hook/cmake_prefix_path.dsv'
[2.901s] INFO:colcon.colcon_core.shell:Creating environment hook '/arm_ws/install/my_robot_action/share/my_robot_action/hook/cmake_prefix_path.sh'
[2.902s] Level 1:colcon.colcon_core.environment:checking '/arm_ws/install/my_robot_action/lib'
[2.902s] Level 1:colcon.colcon_core.shell:create_environment_hook('my_robot_action', 'ld_library_path_lib')
[2.917s] INFO:colcon.colcon_core.shell:Creating environment hook '/arm_ws/install/my_robot_action/share/my_robot_action/hook/ld_library_path_lib.ps1'
[2.919s] INFO:colcon.colcon_core.shell:Creating environment descriptor '/arm_ws/install/my_robot_action/share/my_robot_action/hook/ld_library_path_lib.dsv'
[2.920s] INFO:colcon.colcon_core.shell:Creating environment hook '/arm_ws/install/my_robot_action/share/my_robot_action/hook/ld_library_path_lib.sh'
[2.921s] Level 1:colcon.colcon_core.environment:checking '/arm_ws/install/my_robot_action/bin'
[2.921s] Level 1:colcon.colcon_core.environment:checking '/arm_ws/install/my_robot_action/lib/pkgconfig/my_robot_action.pc'
[2.923s] Level 1:colcon.colcon_core.environment:checking '/arm_ws/install/my_robot_action/lib/python3.10/site-packages'
[2.924s] Level 1:colcon.colcon_core.environment:checking '/arm_ws/install/my_robot_action/bin'
[2.940s] INFO:colcon.colcon_core.shell:Creating package script '/arm_ws/install/my_robot_action/share/my_robot_action/package.ps1'
[2.941s] INFO:colcon.colcon_core.shell:Creating package descriptor '/arm_ws/install/my_robot_action/share/my_robot_action/package.dsv'
[2.942s] INFO:colcon.colcon_core.shell:Creating package script '/arm_ws/install/my_robot_action/share/my_robot_action/package.sh'
[2.944s] INFO:colcon.colcon_core.shell:Creating package script '/arm_ws/install/my_robot_action/share/my_robot_action/package.bash'
[2.944s] INFO:colcon.colcon_core.shell:Creating package script '/arm_ws/install/my_robot_action/share/my_robot_action/package.zsh'
[2.945s] Level 1:colcon.colcon_core.environment:create_file_with_runtime_dependencies(/arm_ws/install/my_robot_action/share/colcon-core/packages/my_robot_action)
[3.040s] Level 1:colcon.colcon_core.environment:create_environment_scripts_only(my_robot_action)
[3.055s] Level 1:colcon.colcon_core.environment:checking '/arm_ws/install/my_robot_action' for CMake module files
[3.056s] Level 1:colcon.colcon_core.environment:checking '/arm_ws/install/my_robot_action' for CMake config files
[3.056s] Level 1:colcon.colcon_core.shell:create_environment_hook('my_robot_action', 'cmake_prefix_path')
[3.073s] INFO:colcon.colcon_core.shell:Creating environment hook '/arm_ws/install/my_robot_action/share/my_robot_action/hook/cmake_prefix_path.ps1'
[3.074s] INFO:colcon.colcon_core.shell:Creating environment descriptor '/arm_ws/install/my_robot_action/share/my_robot_action/hook/cmake_prefix_path.dsv'
[3.074s] INFO:colcon.colcon_core.shell:Creating environment hook '/arm_ws/install/my_robot_action/share/my_robot_action/hook/cmake_prefix_path.sh'
[3.074s] Level 1:colcon.colcon_core.environment:checking '/arm_ws/install/my_robot_action/lib'
[3.075s] Level 1:colcon.colcon_core.shell:create_environment_hook('my_robot_action', 'ld_library_path_lib')
[3.094s] INFO:colcon.colcon_core.shell:Creating environment hook '/arm_ws/install/my_robot_action/share/my_robot_action/hook/ld_library_path_lib.ps1'
[3.098s] INFO:colcon.colcon_core.shell:Creating environment descriptor '/arm_ws/install/my_robot_action/share/my_robot_action/hook/ld_library_path_lib.dsv'
[3.102s] INFO:colcon.colcon_core.shell:Creating environment hook '/arm_ws/install/my_robot_action/share/my_robot_action/hook/ld_library_path_lib.sh'
[3.104s] Level 1:colcon.colcon_core.environment:checking '/arm_ws/install/my_robot_action/bin'
[3.105s] Level 1:colcon.colcon_core.environment:checking '/arm_ws/install/my_robot_action/lib/pkgconfig/my_robot_action.pc'
[3.105s] Level 1:colcon.colcon_core.environment:checking '/arm_ws/install/my_robot_action/lib/python3.10/site-packages'
[3.106s] Level 1:colcon.colcon_core.environment:checking '/arm_ws/install/my_robot_action/bin'
[3.131s] INFO:colcon.colcon_core.shell:Creating package script '/arm_ws/install/my_robot_action/share/my_robot_action/package.ps1'
[3.180s] INFO:colcon.colcon_core.shell:Creating package descriptor '/arm_ws/install/my_robot_action/share/my_robot_action/package.dsv'
[3.293s] INFO:colcon.colcon_core.shell:Creating package script '/arm_ws/install/my_robot_action/share/my_robot_action/package.sh'
[3.325s] INFO:colcon.colcon_core.shell:Creating package script '/arm_ws/install/my_robot_action/share/my_robot_action/package.bash'
[3.330s] INFO:colcon.colcon_core.shell:Creating package script '/arm_ws/install/my_robot_action/share/my_robot_action/package.zsh'
[3.334s] Level 1:colcon.colcon_core.environment:create_file_with_runtime_dependencies(/arm_ws/install/my_robot_action/share/colcon-core/packages/my_robot_action)
[3.360s] DEBUG:colcon.colcon_parallel_executor.executor.parallel:closing loop
[3.362s] DEBUG:colcon.colcon_parallel_executor.executor.parallel:loop closed
[3.363s] DEBUG:colcon.colcon_parallel_executor.executor.parallel:run_until_complete finished with '0'
[3.363s] DEBUG:colcon.colcon_core.event_reactor:joining thread
[3.942s] INFO:colcon.colcon_core.plugin_system:Skipping extension 'colcon_notification.desktop_notification.notify_send': Could not find 'notify-send'
[3.943s] INFO:colcon.colcon_core.plugin_system:Skipping extension 'colcon_notification.desktop_notification.terminal_notifier': Not used on non-Darwin systems
[3.943s] INFO:colcon.colcon_core.plugin_system:Skipping extension 'colcon_notification.desktop_notification.win32': Not used on non-Windows systems
[3.943s] INFO:colcon.colcon_notification.desktop_notification:Sending desktop notification using 'notify2'
[3.952s] DEBUG:colcon.colcon_notification.desktop_notification.notify2:Failed to initialize notify2: org.freedesktop.DBus.Error.Spawn.ExecFailed: /usr/bin/dbus-launch terminated abnormally without any error message
[3.954s] DEBUG:colcon.colcon_core.event_reactor:joined thread
[4.009s] INFO:colcon.colcon_core.shell:Creating prefix script '/arm_ws/install/local_setup.ps1'
[4.031s] INFO:colcon.colcon_core.shell:Creating prefix util module '/arm_ws/install/_local_setup_util_ps1.py'
[4.035s] INFO:colcon.colcon_core.shell:Creating prefix chain script '/arm_ws/install/setup.ps1'
[4.068s] INFO:colcon.colcon_core.shell:Creating prefix script '/arm_ws/install/local_setup.sh'
[4.148s] INFO:colcon.colcon_core.shell:Creating prefix util module '/arm_ws/install/_local_setup_util_sh.py'
[4.190s] INFO:colcon.colcon_core.shell:Creating prefix chain script '/arm_ws/install/setup.sh'
[4.510s] INFO:colcon.colcon_core.shell:Creating prefix script '/arm_ws/install/local_setup.bash'
[4.513s] INFO:colcon.colcon_core.shell:Creating prefix chain script '/arm_ws/install/setup.bash'
[4.577s] INFO:colcon.colcon_core.shell:Creating prefix script '/arm_ws/install/local_setup.zsh'
[4.578s] INFO:colcon.colcon_core.shell:Creating prefix chain script '/arm_ws/install/setup.zsh'
