[1.336s] DEBUG:colcon:Command line arguments: ['/usr/bin/colcon', 'build', '--symlink-install', '--packages-select', 'my_robot_action']
[1.336s] DEBUG:colcon:Parsed command line arguments: Namespace(log_base=None, log_level=None, verb_name='build', build_base='build', install_base='install', merge_install=False, symlink_install=True, test_result_base=None, continue_on_error=False, executor='parallel', parallel_workers=8, event_handlers=None, ignore_user_meta=False, metas=['./colcon.meta'], base_paths=['.'], packages_ignore=None, packages_ignore_regex=None, paths=None, packages_up_to=None, packages_up_to_regex=None, packages_above=None, packages_above_and_dependencies=None, packages_above_depth=None, packages_select_by_dep=None, packages_skip_by_dep=None, packages_skip_up_to=None, packages_select_build_failed=False, packages_skip_build_finished=False, packages_select_test_failures=False, packages_skip_test_passed=False, packages_select=['my_robot_action'], packages_skip=None, packages_select_regex=None, packages_skip_regex=None, packages_start=None, packages_end=None, cmake_args=None, cmake_target=None, cmake_target_skip_unavailable=False, cmake_clean_cache=False, cmake_clean_first=False, cmake_force_configure=False, ament_cmake_args=None, catkin_cmake_args=None, catkin_skip_building_tests=False, mixin_files=None, mixin=None, verb_parser=<colcon_mixin.mixin.mixin_argument.MixinArgumentDecorator object at 0x7f1be972ddb0>, verb_extension=<colcon_core.verb.build.BuildVerb object at 0x7f1be972d480>, main=<bound method BuildVerb.main of <colcon_core.verb.build.BuildVerb object at 0x7f1be972d480>>, mixin_verb=('build',))
[1.393s] Level 1:colcon.colcon_core.package_discovery:discover_packages(colcon_meta) check parameters
[1.394s] INFO:colcon.colcon_metadata.package_discovery.colcon_meta:Using configuration from '/root/.colcon/metadata/default/Gazebo.meta'
[1.394s] INFO:colcon.colcon_metadata.package_discovery.colcon_meta:Using configuration from '/root/.colcon/metadata/default/fastrtps.meta'
[1.394s] Level 1:colcon.colcon_core.package_discovery:discover_packages(recursive) check parameters
[1.394s] Level 1:colcon.colcon_core.package_discovery:discover_packages(ignore) check parameters
[1.394s] Level 1:colcon.colcon_core.package_discovery:discover_packages(path) check parameters
[1.394s] Level 1:colcon.colcon_core.package_discovery:discover_packages(colcon_meta) discover
[1.395s] Level 1:colcon.colcon_core.package_discovery:discover_packages(recursive) discover
[1.395s] INFO:colcon.colcon_core.package_discovery:Crawling recursively for packages in '/arm_ws'
[1.395s] Level 1:colcon.colcon_core.package_identification:_identify(.) by extensions ['ignore', 'ignore_ament_install']
[1.395s] Level 1:colcon.colcon_core.package_identification:_identify(.) by extension 'ignore'
[1.395s] Level 1:colcon.colcon_core.package_identification:_identify(.) by extension 'ignore_ament_install'
[1.395s] Level 1:colcon.colcon_core.package_identification:_identify(.) by extensions ['colcon_pkg']
[1.395s] Level 1:colcon.colcon_core.package_identification:_identify(.) by extension 'colcon_pkg'
[1.395s] Level 1:colcon.colcon_core.package_identification:_identify(.) by extensions ['colcon_meta']
[1.395s] Level 1:colcon.colcon_core.package_identification:_identify(.) by extension 'colcon_meta'
[1.395s] Level 1:colcon.colcon_core.package_identification:_identify(.) by extensions ['ros']
[1.395s] Level 1:colcon.colcon_core.package_identification:_identify(.) by extension 'ros'
[1.411s] Level 1:colcon.colcon_core.package_identification:_identify(.) by extensions ['cmake', 'python']
[1.411s] Level 1:colcon.colcon_core.package_identification:_identify(.) by extension 'cmake'
[1.411s] Level 1:colcon.colcon_core.package_identification:_identify(.) by extension 'python'
[1.411s] Level 1:colcon.colcon_core.package_identification:_identify(.) by extensions ['python_setup_py']
[1.411s] Level 1:colcon.colcon_core.package_identification:_identify(.) by extension 'python_setup_py'
[1.411s] Level 1:colcon.colcon_core.package_identification:_identify(build) by extensions ['ignore', 'ignore_ament_install']
[1.411s] Level 1:colcon.colcon_core.package_identification:_identify(build) by extension 'ignore'
[1.411s] Level 1:colcon.colcon_core.package_identification:_identify(build) ignored
[1.412s] Level 1:colcon.colcon_core.package_identification:_identify(install) by extensions ['ignore', 'ignore_ament_install']
[1.412s] Level 1:colcon.colcon_core.package_identification:_identify(install) by extension 'ignore'
[1.412s] Level 1:colcon.colcon_core.package_identification:_identify(install) ignored
[1.412s] Level 1:colcon.colcon_core.package_identification:_identify(log) by extensions ['ignore', 'ignore_ament_install']
[1.412s] Level 1:colcon.colcon_core.package_identification:_identify(log) by extension 'ignore'
[1.412s] Level 1:colcon.colcon_core.package_identification:_identify(log) ignored
[1.412s] Level 1:colcon.colcon_core.package_identification:_identify(src) by extensions ['ignore', 'ignore_ament_install']
[1.412s] Level 1:colcon.colcon_core.package_identification:_identify(src) by extension 'ignore'
[1.412s] Level 1:colcon.colcon_core.package_identification:_identify(src) by extension 'ignore_ament_install'
[1.412s] Level 1:colcon.colcon_core.package_identification:_identify(src) by extensions ['colcon_pkg']
[1.413s] Level 1:colcon.colcon_core.package_identification:_identify(src) by extension 'colcon_pkg'
[1.413s] Level 1:colcon.colcon_core.package_identification:_identify(src) by extensions ['colcon_meta']
[1.413s] Level 1:colcon.colcon_core.package_identification:_identify(src) by extension 'colcon_meta'
[1.413s] Level 1:colcon.colcon_core.package_identification:_identify(src) by extensions ['ros']
[1.413s] Level 1:colcon.colcon_core.package_identification:_identify(src) by extension 'ros'
[1.413s] Level 1:colcon.colcon_core.package_identification:_identify(src) by extensions ['cmake', 'python']
[1.413s] Level 1:colcon.colcon_core.package_identification:_identify(src) by extension 'cmake'
[1.413s] Level 1:colcon.colcon_core.package_identification:_identify(src) by extension 'python'
[1.413s] Level 1:colcon.colcon_core.package_identification:_identify(src) by extensions ['python_setup_py']
[1.413s] Level 1:colcon.colcon_core.package_identification:_identify(src) by extension 'python_setup_py'
[1.413s] Level 1:colcon.colcon_core.package_identification:_identify(src/arm02) by extensions ['ignore', 'ignore_ament_install']
[1.413s] Level 1:colcon.colcon_core.package_identification:_identify(src/arm02) by extension 'ignore'
[1.414s] Level 1:colcon.colcon_core.package_identification:_identify(src/arm02) by extension 'ignore_ament_install'
[1.414s] Level 1:colcon.colcon_core.package_identification:_identify(src/arm02) by extensions ['colcon_pkg']
[1.414s] Level 1:colcon.colcon_core.package_identification:_identify(src/arm02) by extension 'colcon_pkg'
[1.414s] Level 1:colcon.colcon_core.package_identification:_identify(src/arm02) by extensions ['colcon_meta']
[1.414s] Level 1:colcon.colcon_core.package_identification:_identify(src/arm02) by extension 'colcon_meta'
[1.414s] Level 1:colcon.colcon_core.package_identification:_identify(src/arm02) by extensions ['ros']
[1.415s] Level 1:colcon.colcon_core.package_identification:_identify(src/arm02) by extension 'ros'
[1.417s] DEBUG:colcon.colcon_core.package_identification:Package 'src/arm02' with type 'ros.ament_cmake' and name 'arm02'
[1.417s] Level 1:colcon.colcon_core.package_identification:_identify(src/fibonacci_sequence_action) by extensions ['ignore', 'ignore_ament_install']
[1.418s] Level 1:colcon.colcon_core.package_identification:_identify(src/fibonacci_sequence_action) by extension 'ignore'
[1.418s] Level 1:colcon.colcon_core.package_identification:_identify(src/fibonacci_sequence_action) by extension 'ignore_ament_install'
[1.418s] Level 1:colcon.colcon_core.package_identification:_identify(src/fibonacci_sequence_action) by extensions ['colcon_pkg']
[1.418s] Level 1:colcon.colcon_core.package_identification:_identify(src/fibonacci_sequence_action) by extension 'colcon_pkg'
[1.418s] Level 1:colcon.colcon_core.package_identification:_identify(src/fibonacci_sequence_action) by extensions ['colcon_meta']
[1.418s] Level 1:colcon.colcon_core.package_identification:_identify(src/fibonacci_sequence_action) by extension 'colcon_meta'
[1.418s] Level 1:colcon.colcon_core.package_identification:_identify(src/fibonacci_sequence_action) by extensions ['ros']
[1.418s] Level 1:colcon.colcon_core.package_identification:_identify(src/fibonacci_sequence_action) by extension 'ros'
[1.418s] Level 1:colcon.colcon_core.package_identification:_identify(src/fibonacci_sequence_action) by extensions ['cmake', 'python']
[1.418s] Level 1:colcon.colcon_core.package_identification:_identify(src/fibonacci_sequence_action) by extension 'cmake'
[1.419s] Level 1:colcon.colcon_core.package_identification:_identify(src/fibonacci_sequence_action) by extension 'python'
[1.419s] DEBUG:colcon.colcon_core.package_identification:Package 'src/fibonacci_sequence_action' with type 'cmake' and name 'fibonacci_sequence_action'
[1.419s] Level 1:colcon.colcon_core.package_identification:_identify(src/my_robot_action) by extensions ['ignore', 'ignore_ament_install']
[1.419s] Level 1:colcon.colcon_core.package_identification:_identify(src/my_robot_action) by extension 'ignore'
[1.419s] Level 1:colcon.colcon_core.package_identification:_identify(src/my_robot_action) by extension 'ignore_ament_install'
[1.420s] Level 1:colcon.colcon_core.package_identification:_identify(src/my_robot_action) by extensions ['colcon_pkg']
[1.420s] Level 1:colcon.colcon_core.package_identification:_identify(src/my_robot_action) by extension 'colcon_pkg'
[1.420s] Level 1:colcon.colcon_core.package_identification:_identify(src/my_robot_action) by extensions ['colcon_meta']
[1.420s] Level 1:colcon.colcon_core.package_identification:_identify(src/my_robot_action) by extension 'colcon_meta'
[1.420s] Level 1:colcon.colcon_core.package_identification:_identify(src/my_robot_action) by extensions ['ros']
[1.420s] Level 1:colcon.colcon_core.package_identification:_identify(src/my_robot_action) by extension 'ros'
[1.421s] DEBUG:colcon.colcon_core.package_identification:Package 'src/my_robot_action' with type 'ros.ament_cmake' and name 'my_robot_action'
[1.421s] Level 1:colcon.colcon_core.package_discovery:discover_packages(recursive) using defaults
[1.421s] Level 1:colcon.colcon_core.package_discovery:discover_packages(ignore) discover
[1.421s] Level 1:colcon.colcon_core.package_discovery:discover_packages(ignore) using defaults
[1.421s] Level 1:colcon.colcon_core.package_discovery:discover_packages(path) discover
[1.422s] Level 1:colcon.colcon_core.package_discovery:discover_packages(path) using defaults
[1.492s] INFO:colcon.colcon_core.package_selection:Skipping not selected package 'arm02' in 'src/arm02'
[1.492s] INFO:colcon.colcon_core.package_selection:Skipping not selected package 'fibonacci_sequence_action' in 'src/fibonacci_sequence_action'
[1.507s] Level 5:colcon.colcon_core.verb:set package 'my_robot_action' build argument 'cmake_args' from command line to 'None'
[1.508s] Level 5:colcon.colcon_core.verb:set package 'my_robot_action' build argument 'cmake_target' from command line to 'None'
[1.508s] Level 5:colcon.colcon_core.verb:set package 'my_robot_action' build argument 'cmake_target_skip_unavailable' from command line to 'False'
[1.508s] Level 5:colcon.colcon_core.verb:set package 'my_robot_action' build argument 'cmake_clean_cache' from command line to 'False'
[1.508s] Level 5:colcon.colcon_core.verb:set package 'my_robot_action' build argument 'cmake_clean_first' from command line to 'False'
[1.508s] Level 5:colcon.colcon_core.verb:set package 'my_robot_action' build argument 'cmake_force_configure' from command line to 'False'
[1.508s] Level 5:colcon.colcon_core.verb:set package 'my_robot_action' build argument 'ament_cmake_args' from command line to 'None'
[1.508s] Level 5:colcon.colcon_core.verb:set package 'my_robot_action' build argument 'catkin_cmake_args' from command line to 'None'
[1.508s] Level 5:colcon.colcon_core.verb:set package 'my_robot_action' build argument 'catkin_skip_building_tests' from command line to 'False'
[1.508s] DEBUG:colcon.colcon_core.verb:Building package 'my_robot_action' with the following arguments: {'ament_cmake_args': None, 'build_base': '/arm_ws/build/my_robot_action', 'catkin_cmake_args': None, 'catkin_skip_building_tests': False, 'cmake_args': None, 'cmake_clean_cache': False, 'cmake_clean_first': False, 'cmake_force_configure': False, 'cmake_target': None, 'cmake_target_skip_unavailable': False, 'install_base': '/arm_ws/install/my_robot_action', 'merge_install': False, 'path': '/arm_ws/src/my_robot_action', 'symlink_install': True, 'test_result_base': None}
[1.520s] INFO:colcon.colcon_core.executor:Executing jobs using 'parallel' executor
[1.536s] DEBUG:colcon.colcon_parallel_executor.executor.parallel:run_until_complete
[1.536s] INFO:colcon.colcon_ros.task.ament_cmake.build:Building ROS package in '/arm_ws/src/my_robot_action' with build type 'ament_cmake'
[1.536s] INFO:colcon.colcon_cmake.task.cmake.build:Building CMake package in '/arm_ws/src/my_robot_action'
[1.554s] INFO:colcon.colcon_core.plugin_system:Skipping extension 'colcon_core.shell.bat': Not used on non-Windows systems
[1.555s] INFO:colcon.colcon_core.shell:Skip shell extension 'powershell' for command environment: Not usable outside of PowerShell
[1.555s] DEBUG:colcon.colcon_core.shell:Skip shell extension 'dsv' for command environment
[1.600s] DEBUG:colcon.colcon_core.event_handler.log_command:Invoking command in '/arm_ws/build/my_robot_action': CMAKE_PREFIX_PATH=/opt/ros/humble /usr/bin/cmake /arm_ws/src/my_robot_action -DAMENT_CMAKE_SYMLINK_INSTALL=1 -DCMAKE_INSTALL_PREFIX=/arm_ws/install/my_robot_action
[4.733s] DEBUG:colcon.colcon_core.event_handler.log_command:Invoked command in '/arm_ws/build/my_robot_action' returned '0': CMAKE_PREFIX_PATH=/opt/ros/humble /usr/bin/cmake /arm_ws/src/my_robot_action -DAMENT_CMAKE_SYMLINK_INSTALL=1 -DCMAKE_INSTALL_PREFIX=/arm_ws/install/my_robot_action
[4.736s] DEBUG:colcon.colcon_core.event_handler.log_command:Invoking command in '/arm_ws/build/my_robot_action': CMAKE_PREFIX_PATH=/opt/ros/humble /usr/bin/cmake --build /arm_ws/build/my_robot_action -- -j8 -l8
[10.175s] DEBUG:colcon.colcon_core.event_handler.log_command:Invoked command in '/arm_ws/build/my_robot_action' returned '0': CMAKE_PREFIX_PATH=/opt/ros/humble /usr/bin/cmake --build /arm_ws/build/my_robot_action -- -j8 -l8
[10.271s] DEBUG:colcon.colcon_core.event_handler.log_command:Invoking command in '/arm_ws/build/my_robot_action': CMAKE_PREFIX_PATH=/opt/ros/humble /usr/bin/cmake --install /arm_ws/build/my_robot_action
[11.078s] Level 1:colcon.colcon_core.environment:create_environment_scripts_only(my_robot_action)
[11.079s] DEBUG:colcon.colcon_core.event_handler.log_command:Invoked command in '/arm_ws/build/my_robot_action' returned '0': CMAKE_PREFIX_PATH=/opt/ros/humble /usr/bin/cmake --install /arm_ws/build/my_robot_action
[11.097s] Level 1:colcon.colcon_core.environment:checking '/arm_ws/install/my_robot_action' for CMake module files
[11.098s] Level 1:colcon.colcon_core.environment:checking '/arm_ws/install/my_robot_action' for CMake config files
[11.098s] Level 1:colcon.colcon_core.shell:create_environment_hook('my_robot_action', 'cmake_prefix_path')
[11.113s] INFO:colcon.colcon_core.shell:Creating environment hook '/arm_ws/install/my_robot_action/share/my_robot_action/hook/cmake_prefix_path.ps1'
[11.128s] INFO:colcon.colcon_core.shell:Creating environment descriptor '/arm_ws/install/my_robot_action/share/my_robot_action/hook/cmake_prefix_path.dsv'
[11.139s] INFO:colcon.colcon_core.shell:Creating environment hook '/arm_ws/install/my_robot_action/share/my_robot_action/hook/cmake_prefix_path.sh'
[11.141s] Level 1:colcon.colcon_core.environment:checking '/arm_ws/install/my_robot_action/lib'
[11.141s] Level 1:colcon.colcon_core.shell:create_environment_hook('my_robot_action', 'ld_library_path_lib')
[11.157s] INFO:colcon.colcon_core.shell:Creating environment hook '/arm_ws/install/my_robot_action/share/my_robot_action/hook/ld_library_path_lib.ps1'
[11.157s] INFO:colcon.colcon_core.shell:Creating environment descriptor '/arm_ws/install/my_robot_action/share/my_robot_action/hook/ld_library_path_lib.dsv'
[11.158s] INFO:colcon.colcon_core.shell:Creating environment hook '/arm_ws/install/my_robot_action/share/my_robot_action/hook/ld_library_path_lib.sh'
[11.158s] Level 1:colcon.colcon_core.environment:checking '/arm_ws/install/my_robot_action/bin'
[11.158s] Level 1:colcon.colcon_core.environment:checking '/arm_ws/install/my_robot_action/lib/pkgconfig/my_robot_action.pc'
[11.160s] Level 1:colcon.colcon_core.environment:checking '/arm_ws/install/my_robot_action/lib/python3.10/site-packages'
[11.161s] Level 1:colcon.colcon_core.environment:checking '/arm_ws/install/my_robot_action/bin'
[11.177s] INFO:colcon.colcon_core.shell:Creating package script '/arm_ws/install/my_robot_action/share/my_robot_action/package.ps1'
[11.178s] INFO:colcon.colcon_core.shell:Creating package descriptor '/arm_ws/install/my_robot_action/share/my_robot_action/package.dsv'
[11.179s] INFO:colcon.colcon_core.shell:Creating package script '/arm_ws/install/my_robot_action/share/my_robot_action/package.sh'
[11.179s] INFO:colcon.colcon_core.shell:Creating package script '/arm_ws/install/my_robot_action/share/my_robot_action/package.bash'
[11.180s] INFO:colcon.colcon_core.shell:Creating package script '/arm_ws/install/my_robot_action/share/my_robot_action/package.zsh'
[11.181s] Level 1:colcon.colcon_core.environment:create_file_with_runtime_dependencies(/arm_ws/install/my_robot_action/share/colcon-core/packages/my_robot_action)
[11.275s] Level 1:colcon.colcon_core.environment:create_environment_scripts_only(my_robot_action)
[11.291s] Level 1:colcon.colcon_core.environment:checking '/arm_ws/install/my_robot_action' for CMake module files
[11.292s] Level 1:colcon.colcon_core.environment:checking '/arm_ws/install/my_robot_action' for CMake config files
[11.293s] Level 1:colcon.colcon_core.shell:create_environment_hook('my_robot_action', 'cmake_prefix_path')
[11.309s] INFO:colcon.colcon_core.shell:Creating environment hook '/arm_ws/install/my_robot_action/share/my_robot_action/hook/cmake_prefix_path.ps1'
[11.310s] INFO:colcon.colcon_core.shell:Creating environment descriptor '/arm_ws/install/my_robot_action/share/my_robot_action/hook/cmake_prefix_path.dsv'
[11.310s] INFO:colcon.colcon_core.shell:Creating environment hook '/arm_ws/install/my_robot_action/share/my_robot_action/hook/cmake_prefix_path.sh'
[11.311s] Level 1:colcon.colcon_core.environment:checking '/arm_ws/install/my_robot_action/lib'
[11.311s] Level 1:colcon.colcon_core.shell:create_environment_hook('my_robot_action', 'ld_library_path_lib')
[11.328s] INFO:colcon.colcon_core.shell:Creating environment hook '/arm_ws/install/my_robot_action/share/my_robot_action/hook/ld_library_path_lib.ps1'
[11.328s] INFO:colcon.colcon_core.shell:Creating environment descriptor '/arm_ws/install/my_robot_action/share/my_robot_action/hook/ld_library_path_lib.dsv'
[11.329s] INFO:colcon.colcon_core.shell:Creating environment hook '/arm_ws/install/my_robot_action/share/my_robot_action/hook/ld_library_path_lib.sh'
[11.329s] Level 1:colcon.colcon_core.environment:checking '/arm_ws/install/my_robot_action/bin'
[11.329s] Level 1:colcon.colcon_core.environment:checking '/arm_ws/install/my_robot_action/lib/pkgconfig/my_robot_action.pc'
[11.329s] Level 1:colcon.colcon_core.environment:checking '/arm_ws/install/my_robot_action/lib/python3.10/site-packages'
[11.329s] Level 1:colcon.colcon_core.environment:checking '/arm_ws/install/my_robot_action/bin'
[11.345s] INFO:colcon.colcon_core.shell:Creating package script '/arm_ws/install/my_robot_action/share/my_robot_action/package.ps1'
[11.346s] INFO:colcon.colcon_core.shell:Creating package descriptor '/arm_ws/install/my_robot_action/share/my_robot_action/package.dsv'
[11.346s] INFO:colcon.colcon_core.shell:Creating package script '/arm_ws/install/my_robot_action/share/my_robot_action/package.sh'
[11.347s] INFO:colcon.colcon_core.shell:Creating package script '/arm_ws/install/my_robot_action/share/my_robot_action/package.bash'
[11.347s] INFO:colcon.colcon_core.shell:Creating package script '/arm_ws/install/my_robot_action/share/my_robot_action/package.zsh'
[11.347s] Level 1:colcon.colcon_core.environment:create_file_with_runtime_dependencies(/arm_ws/install/my_robot_action/share/colcon-core/packages/my_robot_action)
[11.348s] DEBUG:colcon.colcon_parallel_executor.executor.parallel:closing loop
[11.348s] DEBUG:colcon.colcon_parallel_executor.executor.parallel:loop closed
[11.348s] DEBUG:colcon.colcon_parallel_executor.executor.parallel:run_until_complete finished with '0'
[11.348s] DEBUG:colcon.colcon_core.event_reactor:joining thread
[11.371s] INFO:colcon.colcon_core.plugin_system:Skipping extension 'colcon_notification.desktop_notification.notify_send': Could not find 'notify-send'
[11.371s] INFO:colcon.colcon_core.plugin_system:Skipping extension 'colcon_notification.desktop_notification.terminal_notifier': Not used on non-Darwin systems
[11.371s] INFO:colcon.colcon_core.plugin_system:Skipping extension 'colcon_notification.desktop_notification.win32': Not used on non-Windows systems
[11.371s] INFO:colcon.colcon_notification.desktop_notification:Sending desktop notification using 'notify2'
[11.376s] DEBUG:colcon.colcon_notification.desktop_notification.notify2:Failed to initialize notify2: org.freedesktop.DBus.Error.Spawn.ExecFailed: /usr/bin/dbus-launch terminated abnormally without any error message
[11.376s] DEBUG:colcon.colcon_core.event_reactor:joined thread
[11.396s] INFO:colcon.colcon_core.shell:Creating prefix script '/arm_ws/install/local_setup.ps1'
[11.398s] INFO:colcon.colcon_core.shell:Creating prefix util module '/arm_ws/install/_local_setup_util_ps1.py'
[11.401s] INFO:colcon.colcon_core.shell:Creating prefix chain script '/arm_ws/install/setup.ps1'
[11.423s] INFO:colcon.colcon_core.shell:Creating prefix script '/arm_ws/install/local_setup.sh'
[11.424s] INFO:colcon.colcon_core.shell:Creating prefix util module '/arm_ws/install/_local_setup_util_sh.py'
[11.425s] INFO:colcon.colcon_core.shell:Creating prefix chain script '/arm_ws/install/setup.sh'
[11.448s] INFO:colcon.colcon_core.shell:Creating prefix script '/arm_ws/install/local_setup.bash'
[11.449s] INFO:colcon.colcon_core.shell:Creating prefix chain script '/arm_ws/install/setup.bash'
[11.469s] INFO:colcon.colcon_core.shell:Creating prefix script '/arm_ws/install/local_setup.zsh'
[11.470s] INFO:colcon.colcon_core.shell:Creating prefix chain script '/arm_ws/install/setup.zsh'
