[0.023s] Invoking command in '/arm_ws/build/arm02': CMAKE_PREFIX_PATH=${CMAKE_PREFIX_PATH}:/opt/ros/humble /usr/bin/cmake --build /arm_ws/build/arm02 -- -j24 -l24
[0.034s] -- Found ament_cmake: 1.3.5 (/opt/ros/humble/share/ament_cmake/cmake)
[0.110s] -- Override CMake install command with custom implementation using symlinks instead of copying resources
[0.114s] -- Found rclpy: 3.3.10 (/opt/ros/humble/share/rclpy/cmake)
[0.114s] -- Found ament_lint_auto: 0.12.8 (/opt/ros/humble/share/ament_lint_auto/cmake)
[0.148s] -- Added test 'flake8' to check Python code syntax and style conventions
[0.149s] -- Added test 'lint_cmake' to check CMake code style
[0.149s] -- Added test 'pep257' to check Python code against some of the docstring style conventions in PEP 257
[0.149s] -- Added test 'xmllint' to check XML markup files
[0.150s] -- Configuring done
[0.151s] -- Generating done
[0.151s] -- Build files have been written to: /arm_ws/build/arm02
[0.164s] Invoked command in '/arm_ws/build/arm02' returned '0': CMAKE_PREFIX_PATH=${CMAKE_PREFIX_PATH}:/opt/ros/humble /usr/bin/cmake --build /arm_ws/build/arm02 -- -j24 -l24
[0.184s] Invoking command in '/arm_ws/build/arm02': CMAKE_PREFIX_PATH=${CMAKE_PREFIX_PATH}:/opt/ros/humble /usr/bin/cmake --install /arm_ws/build/arm02
[0.188s] -- Install configuration: ""
[0.188s] -- Execute custom install script
[0.189s] -- Up-to-date symlink: /arm_ws/install/arm02/share/arm02//launch/arm02_world.launch.py
[0.189s] -- Up-to-date symlink: /arm_ws/install/arm02/share/arm02//worlds/arm02.sdf
[0.189s] -- Symlinking: /arm_ws/install/arm02/share/arm02//config/arm02.config
[0.194s] -- Up-to-date symlink: /arm_ws/install/arm02/share/ament_index/resource_index/package_run_dependencies/arm02
[0.194s] -- Up-to-date symlink: /arm_ws/install/arm02/share/ament_index/resource_index/parent_prefix_path/arm02
[0.194s] -- Up-to-date symlink: /arm_ws/install/arm02/share/arm02/environment/ament_prefix_path.sh
[0.194s] -- Up-to-date symlink: /arm_ws/install/arm02/share/arm02/environment/ament_prefix_path.dsv
[0.194s] -- Up-to-date symlink: /arm_ws/install/arm02/share/arm02/environment/path.sh
[0.194s] -- Up-to-date symlink: /arm_ws/install/arm02/share/arm02/environment/path.dsv
[0.194s] -- Up-to-date symlink: /arm_ws/install/arm02/share/arm02/local_setup.bash
[0.195s] -- Up-to-date symlink: /arm_ws/install/arm02/share/arm02/local_setup.sh
[0.195s] -- Up-to-date symlink: /arm_ws/install/arm02/share/arm02/local_setup.zsh
[0.195s] -- Up-to-date symlink: /arm_ws/install/arm02/share/arm02/local_setup.dsv
[0.195s] -- Symlinking: /arm_ws/install/arm02/share/arm02/package.dsv
[0.201s] -- Up-to-date symlink: /arm_ws/install/arm02/share/ament_index/resource_index/packages/arm02
[0.201s] -- Up-to-date symlink: /arm_ws/install/arm02/share/arm02/cmake/arm02Config.cmake
[0.201s] -- Up-to-date symlink: /arm_ws/install/arm02/share/arm02/cmake/arm02Config-version.cmake
[0.201s] -- Up-to-date symlink: /arm_ws/install/arm02/share/arm02/package.xml
[0.203s] Invoked command in '/arm_ws/build/arm02' returned '0': CMAKE_PREFIX_PATH=${CMAKE_PREFIX_PATH}:/opt/ros/humble /usr/bin/cmake --install /arm_ws/build/arm02
