[0.110s] Invoking command in '/arm_ws/build/my_robot_action': CMAKE_PREFIX_PATH=${CMAKE_PREFIX_PATH}:/opt/ros/humble /usr/bin/cmake --build /arm_ws/build/my_robot_action -- -j8 -l8
[0.182s] [  3%] Built target my_robot_action__cpp
[0.183s] [ 12%] Built target my_robot_action__rosidl_generator_c
[0.195s] [ 12%] Built target ament_cmake_python_symlink_my_robot_action
[0.219s] [ 22%] Built target my_robot_action__rosidl_typesupport_introspection_c
[0.222s] [ 32%] Built target my_robot_action__rosidl_typesupport_fastrtps_cpp
[0.223s] [ 48%] Built target my_robot_action__rosidl_typesupport_introspection_cpp
[0.224s] [ 54%] Built target my_robot_action__rosidl_typesupport_fastrtps_c
[0.224s] [ 61%] Built target my_robot_action__rosidl_typesupport_c
[0.230s] [ 70%] Built target my_robot_action__rosidl_typesupport_cpp
[0.258s] [ 70%] Built target my_robot_action
[0.300s] [ 74%] Built target my_robot_action__py
[0.331s] [ 80%] Built target my_robot_action__rosidl_generator_py
[0.364s] [ 93%] Built target my_robot_action__rosidl_typesupport_c__pyext
[0.364s] [ 93%] Built target my_robot_action__rosidl_typesupport_introspection_c__pyext
[0.369s] [100%] Built target my_robot_action__rosidl_typesupport_fastrtps_c__pyext
[0.608s] running egg_info
[0.610s] writing my_robot_action.egg-info/PKG-INFO
[0.610s] writing dependency_links to my_robot_action.egg-info/dependency_links.txt
[0.610s] writing top-level names to my_robot_action.egg-info/top_level.txt
[0.612s] reading manifest file 'my_robot_action.egg-info/SOURCES.txt'
[0.613s] writing manifest file 'my_robot_action.egg-info/SOURCES.txt'
[0.656s] [100%] Built target ament_cmake_python_build_my_robot_action_egg
[0.670s] Invoked command in '/arm_ws/build/my_robot_action' returned '0': CMAKE_PREFIX_PATH=${CMAKE_PREFIX_PATH}:/opt/ros/humble /usr/bin/cmake --build /arm_ws/build/my_robot_action -- -j8 -l8
[0.771s] Invoking command in '/arm_ws/build/my_robot_action': CMAKE_PREFIX_PATH=${CMAKE_PREFIX_PATH}:/opt/ros/humble /usr/bin/cmake --install /arm_ws/build/my_robot_action
[0.779s] -- Install configuration: ""
[0.779s] -- Execute custom install script
[0.780s] -- Up-to-date symlink: /arm_ws/install/my_robot_action/share/ament_index/resource_index/rosidl_interfaces/my_robot_action
[0.782s] -- Up-to-date symlink: /arm_ws/install/my_robot_action/include/my_robot_action/my_robot_action/action/detail/my_robot__functions.h
[0.782s] -- Up-to-date symlink: /arm_ws/install/my_robot_action/include/my_robot_action/my_robot_action/action/detail/my_robot__struct.h
[0.782s] -- Up-to-date symlink: /arm_ws/install/my_robot_action/include/my_robot_action/my_robot_action/action/detail/my_robot__type_support.h
[0.782s] -- Up-to-date symlink: /arm_ws/install/my_robot_action/include/my_robot_action/my_robot_action/action/my_robot.h
[0.782s] -- Up-to-date symlink: /arm_ws/install/my_robot_action/include/my_robot_action/my_robot_action/msg/rosidl_generator_c__visibility_control.h
[0.783s] -- Up-to-date symlink: /arm_ws/install/my_robot_action/share/my_robot_action/environment/library_path.sh
[0.783s] -- Up-to-date symlink: /arm_ws/install/my_robot_action/share/my_robot_action/environment/library_path.dsv
[0.783s] -- Up-to-date symlink: /arm_ws/install/my_robot_action/include/my_robot_action/my_robot_action/action/detail/my_robot__rosidl_typesupport_fastrtps_c.h
[0.783s] -- Up-to-date symlink: /arm_ws/install/my_robot_action/include/my_robot_action/my_robot_action/msg/rosidl_typesupport_fastrtps_c__visibility_control.h
[0.784s] -- Up-to-date symlink: /arm_ws/install/my_robot_action/include/my_robot_action/my_robot_action/action/detail/my_robot__rosidl_typesupport_introspection_c.h
[0.784s] -- Up-to-date symlink: /arm_ws/install/my_robot_action/include/my_robot_action/my_robot_action/msg/rosidl_typesupport_introspection_c__visibility_control.h
[0.785s] -- Up-to-date symlink: /arm_ws/install/my_robot_action/include/my_robot_action/my_robot_action/action/detail/my_robot__builder.hpp
[0.785s] -- Up-to-date symlink: /arm_ws/install/my_robot_action/include/my_robot_action/my_robot_action/action/detail/my_robot__struct.hpp
[0.785s] -- Up-to-date symlink: /arm_ws/install/my_robot_action/include/my_robot_action/my_robot_action/action/detail/my_robot__traits.hpp
[0.786s] -- Up-to-date symlink: /arm_ws/install/my_robot_action/include/my_robot_action/my_robot_action/action/my_robot.hpp
[0.786s] -- Up-to-date symlink: /arm_ws/install/my_robot_action/include/my_robot_action/my_robot_action/action/detail/my_robot__rosidl_typesupport_fastrtps_cpp.hpp
[0.787s] -- Up-to-date symlink: /arm_ws/install/my_robot_action/include/my_robot_action/my_robot_action/msg/rosidl_typesupport_fastrtps_cpp__visibility_control.h
[0.787s] -- Up-to-date symlink: /arm_ws/install/my_robot_action/include/my_robot_action/my_robot_action/action/detail/my_robot__rosidl_typesupport_introspection_cpp.hpp
[0.787s] -- Up-to-date symlink: /arm_ws/install/my_robot_action/share/my_robot_action/environment/pythonpath.sh
[0.787s] -- Up-to-date symlink: /arm_ws/install/my_robot_action/share/my_robot_action/environment/pythonpath.dsv
[0.788s] -- Up-to-date symlink: /arm_ws/install/my_robot_action/local/lib/python3.10/dist-packages/my_robot_action-0.0.0-py3.10.egg-info/PKG-INFO
[0.788s] -- Up-to-date symlink: /arm_ws/install/my_robot_action/local/lib/python3.10/dist-packages/my_robot_action-0.0.0-py3.10.egg-info/SOURCES.txt
[0.788s] -- Up-to-date symlink: /arm_ws/install/my_robot_action/local/lib/python3.10/dist-packages/my_robot_action-0.0.0-py3.10.egg-info/dependency_links.txt
[0.788s] -- Up-to-date symlink: /arm_ws/install/my_robot_action/local/lib/python3.10/dist-packages/my_robot_action-0.0.0-py3.10.egg-info/top_level.txt
[0.789s] -- Up-to-date symlink: /arm_ws/install/my_robot_action/local/lib/python3.10/dist-packages/my_robot_action/__init__.py
[0.789s] -- Up-to-date symlink: /arm_ws/install/my_robot_action/local/lib/python3.10/dist-packages/my_robot_action/_my_robot_action_s.ep.rosidl_typesupport_c.c
[0.789s] -- Up-to-date symlink: /arm_ws/install/my_robot_action/local/lib/python3.10/dist-packages/my_robot_action/_my_robot_action_s.ep.rosidl_typesupport_fastrtps_c.c
[0.790s] -- Up-to-date symlink: /arm_ws/install/my_robot_action/local/lib/python3.10/dist-packages/my_robot_action/_my_robot_action_s.ep.rosidl_typesupport_introspection_c.c
[0.790s] -- Up-to-date symlink: /arm_ws/install/my_robot_action/local/lib/python3.10/dist-packages/my_robot_action/action/__init__.py
[0.790s] -- Up-to-date symlink: /arm_ws/install/my_robot_action/local/lib/python3.10/dist-packages/my_robot_action/action/_my_robot.py
[0.790s] -- Up-to-date symlink: /arm_ws/install/my_robot_action/local/lib/python3.10/dist-packages/my_robot_action/action/_my_robot_s.c
[0.791s] -- Up-to-date symlink: /arm_ws/install/my_robot_action/local/lib/python3.10/dist-packages/my_robot_action/libmy_robot_action__rosidl_generator_py.so
[0.791s] -- Up-to-date symlink: /arm_ws/install/my_robot_action/local/lib/python3.10/dist-packages/my_robot_action/my_robot_action_s__rosidl_typesupport_c.cpython-310-x86_64-linux-gnu.so
[0.791s] -- Up-to-date symlink: /arm_ws/install/my_robot_action/local/lib/python3.10/dist-packages/my_robot_action/my_robot_action_s__rosidl_typesupport_fastrtps_c.cpython-310-x86_64-linux-gnu.so
[0.791s] -- Up-to-date symlink: /arm_ws/install/my_robot_action/local/lib/python3.10/dist-packages/my_robot_action/my_robot_action_s__rosidl_typesupport_introspection_c.cpython-310-x86_64-linux-gnu.so
[0.791s] -- Up-to-date symlink: /arm_ws/install/my_robot_action/local/lib/python3.10/dist-packages/my_robot_action/my_robot_action_s__rosidl_typesupport_fastrtps_c.cpython-310-x86_64-linux-gnu.so
[0.792s] -- Up-to-date symlink: /arm_ws/install/my_robot_action/local/lib/python3.10/dist-packages/my_robot_action/my_robot_action_s__rosidl_typesupport_introspection_c.cpython-310-x86_64-linux-gnu.so
[0.792s] -- Up-to-date symlink: /arm_ws/install/my_robot_action/local/lib/python3.10/dist-packages/my_robot_action/my_robot_action_s__rosidl_typesupport_c.cpython-310-x86_64-linux-gnu.so
[0.792s] -- Up-to-date symlink: /arm_ws/install/my_robot_action/share/my_robot_action/action/MyRobot.idl
[0.793s] -- Up-to-date symlink: /arm_ws/install/my_robot_action/share/my_robot_action/action/MyRobot.action
[0.793s] -- Up-to-date symlink: /arm_ws/install/my_robot_action/lib/my_robot_action/my_robot_action_server.py
[0.793s] -- Up-to-date symlink: /arm_ws/install/my_robot_action/share/ament_index/resource_index/package_run_dependencies/my_robot_action
[0.794s] -- Up-to-date symlink: /arm_ws/install/my_robot_action/share/ament_index/resource_index/parent_prefix_path/my_robot_action
[0.794s] -- Up-to-date symlink: /arm_ws/install/my_robot_action/share/my_robot_action/environment/ament_prefix_path.sh
[0.794s] -- Up-to-date symlink: /arm_ws/install/my_robot_action/share/my_robot_action/environment/ament_prefix_path.dsv
[0.794s] -- Up-to-date symlink: /arm_ws/install/my_robot_action/share/my_robot_action/environment/path.sh
[0.795s] -- Up-to-date symlink: /arm_ws/install/my_robot_action/share/my_robot_action/environment/path.dsv
[0.795s] -- Up-to-date symlink: /arm_ws/install/my_robot_action/share/my_robot_action/local_setup.bash
[0.795s] -- Up-to-date symlink: /arm_ws/install/my_robot_action/share/my_robot_action/local_setup.sh
[0.795s] -- Up-to-date symlink: /arm_ws/install/my_robot_action/share/my_robot_action/local_setup.zsh
[0.796s] -- Up-to-date symlink: /arm_ws/install/my_robot_action/share/my_robot_action/local_setup.dsv
[0.796s] -- Symlinking: /arm_ws/install/my_robot_action/share/my_robot_action/package.dsv
[0.808s] -- Up-to-date symlink: /arm_ws/install/my_robot_action/share/ament_index/resource_index/packages/my_robot_action
[0.809s] -- Up-to-date symlink: /arm_ws/install/my_robot_action/share/my_robot_action/cmake/rosidl_cmake-extras.cmake
[0.809s] -- Up-to-date symlink: /arm_ws/install/my_robot_action/share/my_robot_action/cmake/ament_cmake_export_dependencies-extras.cmake
[0.809s] -- Up-to-date symlink: /arm_ws/install/my_robot_action/share/my_robot_action/cmake/ament_cmake_export_include_directories-extras.cmake
[0.809s] -- Up-to-date symlink: /arm_ws/install/my_robot_action/share/my_robot_action/cmake/ament_cmake_export_libraries-extras.cmake
[0.809s] -- Up-to-date symlink: /arm_ws/install/my_robot_action/share/my_robot_action/cmake/ament_cmake_export_targets-extras.cmake
[0.810s] -- Up-to-date symlink: /arm_ws/install/my_robot_action/share/my_robot_action/cmake/rosidl_cmake_export_typesupport_targets-extras.cmake
[0.810s] -- Up-to-date symlink: /arm_ws/install/my_robot_action/share/my_robot_action/cmake/rosidl_cmake_export_typesupport_libraries-extras.cmake
[0.810s] -- Up-to-date symlink: /arm_ws/install/my_robot_action/share/my_robot_action/cmake/my_robot_actionConfig.cmake
[0.810s] -- Up-to-date symlink: /arm_ws/install/my_robot_action/share/my_robot_action/cmake/my_robot_actionConfig-version.cmake
[0.810s] -- Up-to-date symlink: /arm_ws/install/my_robot_action/share/my_robot_action/package.xml
[0.811s] -- Up-to-date: /arm_ws/install/my_robot_action/lib/libmy_robot_action__rosidl_generator_c.so
[0.811s] -- Up-to-date: /arm_ws/install/my_robot_action/lib/libmy_robot_action__rosidl_typesupport_fastrtps_c.so
[0.812s] -- Up-to-date: /arm_ws/install/my_robot_action/lib/libmy_robot_action__rosidl_typesupport_introspection_c.so
[0.812s] -- Up-to-date: /arm_ws/install/my_robot_action/lib/libmy_robot_action__rosidl_typesupport_c.so
[0.813s] -- Up-to-date: /arm_ws/install/my_robot_action/lib/libmy_robot_action__rosidl_typesupport_fastrtps_cpp.so
[0.814s] -- Up-to-date: /arm_ws/install/my_robot_action/lib/libmy_robot_action__rosidl_typesupport_introspection_cpp.so
[0.815s] -- Up-to-date: /arm_ws/install/my_robot_action/lib/libmy_robot_action__rosidl_typesupport_cpp.so
[0.860s] Listing '/arm_ws/install/my_robot_action/local/lib/python3.10/dist-packages/my_robot_action'...
[0.860s] Listing '/arm_ws/install/my_robot_action/local/lib/python3.10/dist-packages/my_robot_action/action'...
[0.867s] -- Up-to-date: /arm_ws/install/my_robot_action/lib/libmy_robot_action__rosidl_generator_py.so
[0.868s] -- Up-to-date: /arm_ws/install/my_robot_action/share/my_robot_action/cmake/export_my_robot_action__rosidl_generator_cExport.cmake
[0.868s] -- Up-to-date: /arm_ws/install/my_robot_action/share/my_robot_action/cmake/export_my_robot_action__rosidl_generator_cExport-noconfig.cmake
[0.868s] -- Up-to-date: /arm_ws/install/my_robot_action/share/my_robot_action/cmake/export_my_robot_action__rosidl_typesupport_fastrtps_cExport.cmake
[0.868s] -- Up-to-date: /arm_ws/install/my_robot_action/share/my_robot_action/cmake/export_my_robot_action__rosidl_typesupport_fastrtps_cExport-noconfig.cmake
[0.869s] -- Up-to-date: /arm_ws/install/my_robot_action/share/my_robot_action/cmake/my_robot_action__rosidl_typesupport_introspection_cExport.cmake
[0.869s] -- Up-to-date: /arm_ws/install/my_robot_action/share/my_robot_action/cmake/my_robot_action__rosidl_typesupport_introspection_cExport-noconfig.cmake
[0.869s] -- Up-to-date: /arm_ws/install/my_robot_action/share/my_robot_action/cmake/my_robot_action__rosidl_typesupport_cExport.cmake
[0.869s] -- Up-to-date: /arm_ws/install/my_robot_action/share/my_robot_action/cmake/my_robot_action__rosidl_typesupport_cExport-noconfig.cmake
[0.869s] -- Up-to-date: /arm_ws/install/my_robot_action/share/my_robot_action/cmake/export_my_robot_action__rosidl_generator_cppExport.cmake
[0.870s] -- Up-to-date: /arm_ws/install/my_robot_action/share/my_robot_action/cmake/export_my_robot_action__rosidl_typesupport_fastrtps_cppExport.cmake
[0.870s] -- Up-to-date: /arm_ws/install/my_robot_action/share/my_robot_action/cmake/export_my_robot_action__rosidl_typesupport_fastrtps_cppExport-noconfig.cmake
[0.870s] -- Up-to-date: /arm_ws/install/my_robot_action/share/my_robot_action/cmake/my_robot_action__rosidl_typesupport_introspection_cppExport.cmake
[0.870s] -- Up-to-date: /arm_ws/install/my_robot_action/share/my_robot_action/cmake/my_robot_action__rosidl_typesupport_introspection_cppExport-noconfig.cmake
[0.870s] -- Up-to-date: /arm_ws/install/my_robot_action/share/my_robot_action/cmake/my_robot_action__rosidl_typesupport_cppExport.cmake
[0.870s] -- Up-to-date: /arm_ws/install/my_robot_action/share/my_robot_action/cmake/my_robot_action__rosidl_typesupport_cppExport-noconfig.cmake
[0.870s] -- Up-to-date: /arm_ws/install/my_robot_action/share/my_robot_action/cmake/export_my_robot_action__rosidl_generator_pyExport.cmake
[0.871s] -- Up-to-date: /arm_ws/install/my_robot_action/share/my_robot_action/cmake/export_my_robot_action__rosidl_generator_pyExport-noconfig.cmake
[0.873s] Invoked command in '/arm_ws/build/my_robot_action' returned '0': CMAKE_PREFIX_PATH=${CMAKE_PREFIX_PATH}:/opt/ros/humble /usr/bin/cmake --install /arm_ws/build/my_robot_action
