-- Found ament_cmake: 1.3.5 (/opt/ros/humble/share/ament_cmake/cmake)
-- Override CMake install command with custom implementation using symlinks instead of copying resources
-- Found ament_lint_auto: 0.12.8 (/opt/ros/humble/share/ament_lint_auto/cmake)
-- Found rosidl_default_generators: 1.2.0 (/opt/ros/humble/share/rosidl_default_generators/cmake)
-- Using all available rosidl_typesupport_c: rosidl_typesupport_fastrtps_c;rosidl_typesupport_introspection_c
-- Found rosidl_adapter: 3.1.5 (/opt/ros/humble/share/rosidl_adapter/cmake)
-- Using all available rosidl_typesupport_cpp: rosidl_typesupport_fastrtps_cpp;rosidl_typesupport_introspection_cpp
-- Found ament_cmake_ros: 0.10.0 (/opt/ros/humble/share/ament_cmake_ros/cmake)
-- Using all available rosidl_typesupport_c: rosidl_typesupport_fastrtps_c;rosidl_typesupport_introspection_c
-- Using all available rosidl_typesupport_cpp: rosidl_typesupport_fastrtps_cpp;rosidl_typesupport_introspection_cpp
-- Found PythonInterp: /usr/bin/python3 (found suitable version "3.10.12", minimum required is "3.6") 
-- Found python_cmake_module: 0.10.0 (/opt/ros/humble/share/python_cmake_module/cmake)
-- Found PythonLibs: /usr/lib/x86_64-linux-gnu/libpython3.10.so (found suitable version "3.10.12", minimum required is "3.5") 
-- Using PYTHON_EXECUTABLE: /usr/bin/python3
-- Using PYTHON_INCLUDE_DIRS: /usr/include/python3.10
-- Using PYTHON_LIBRARIES: /usr/lib/x86_64-linux-gnu/libpython3.10.so
-- Found PythonExtra: .so  
-- Added test 'lint_cmake' to check CMake code style
-- Added test 'xmllint' to check XML markup files
-- Configuring done
-- Generating done
-- Build files have been written to: /arm_ws/build/my_robot_action
[  3%] [34m[1mGenerating C code for ROS interfaces[0m
[  6%] [34m[1mGenerating C++ code for ROS interfaces[0m
[  6%] Built target ament_cmake_python_symlink_my_robot_action
running egg_info
creating my_robot_action.egg-info
writing my_robot_action.egg-info/PKG-INFO
writing dependency_links to my_robot_action.egg-info/dependency_links.txt
writing top-level names to my_robot_action.egg-info/top_level.txt
writing manifest file 'my_robot_action.egg-info/SOURCES.txt'
reading manifest file 'my_robot_action.egg-info/SOURCES.txt'
writing manifest file 'my_robot_action.egg-info/SOURCES.txt'
[  6%] Built target ament_cmake_python_build_my_robot_action_egg
[  9%] [32mBuilding C object CMakeFiles/my_robot_action__rosidl_generator_c.dir/rosidl_generator_c/my_robot_action/action/detail/my_robot__functions.c.o[0m
[  9%] Built target my_robot_action__cpp
[ 16%] [34m[1mGenerating C++ type support for eProsima Fast-RTPS[0m
[ 16%] [34m[1mGenerating C++ type support dispatch for ROS interfaces[0m
[ 19%] [34m[1mGenerating C++ introspection for ROS interfaces[0m
[ 22%] [32m[1mLinking C shared library libmy_robot_action__rosidl_generator_c.so[0m
[ 22%] Built target my_robot_action__rosidl_generator_c
[ 25%] [32mBuilding CXX object CMakeFiles/my_robot_action__rosidl_typesupport_cpp.dir/rosidl_typesupport_cpp/my_robot_action/action/my_robot__type_support.cpp.o[0m
[ 35%] [34m[1mGenerating C introspection for ROS interfaces[0m
[ 35%] [34m[1mGenerating C type support dispatch for ROS interfaces[0m
[ 35%] [34m[1mGenerating C type support for eProsima Fast-RTPS[0m
[ 38%] [32mBuilding CXX object CMakeFiles/my_robot_action__rosidl_typesupport_introspection_cpp.dir/rosidl_typesupport_introspection_cpp/my_robot_action/action/detail/my_robot__type_support.cpp.o[0m
[ 41%] [32mBuilding CXX object CMakeFiles/my_robot_action__rosidl_typesupport_fastrtps_cpp.dir/rosidl_typesupport_fastrtps_cpp/my_robot_action/action/detail/dds_fastrtps/my_robot__type_support.cpp.o[0m
[ 45%] [32mBuilding CXX object CMakeFiles/my_robot_action__rosidl_typesupport_c.dir/rosidl_typesupport_c/my_robot_action/action/my_robot__type_support.cpp.o[0m
[ 48%] [32mBuilding C object CMakeFiles/my_robot_action__rosidl_typesupport_introspection_c.dir/rosidl_typesupport_introspection_c/my_robot_action/action/detail/my_robot__type_support.c.o[0m
[ 51%] [32m[1mLinking CXX shared library libmy_robot_action__rosidl_typesupport_c.so[0m
[ 54%] [32mBuilding CXX object CMakeFiles/my_robot_action__rosidl_typesupport_fastrtps_c.dir/rosidl_typesupport_fastrtps_c/my_robot_action/action/detail/my_robot__type_support_c.cpp.o[0m
[ 58%] [32m[1mLinking C shared library libmy_robot_action__rosidl_typesupport_introspection_c.so[0m
[ 58%] Built target my_robot_action__rosidl_typesupport_c
[ 58%] Built target my_robot_action__rosidl_typesupport_introspection_c
[ 61%] [32m[1mLinking CXX shared library libmy_robot_action__rosidl_typesupport_cpp.so[0m
[ 61%] Built target my_robot_action__rosidl_typesupport_cpp
[ 64%] [32m[1mLinking CXX shared library libmy_robot_action__rosidl_typesupport_introspection_cpp.so[0m
[ 67%] [32m[1mLinking CXX shared library libmy_robot_action__rosidl_typesupport_fastrtps_cpp.so[0m
[ 67%] Built target my_robot_action__rosidl_typesupport_introspection_cpp
[ 70%] [32m[1mLinking CXX shared library libmy_robot_action__rosidl_typesupport_fastrtps_c.so[0m
[ 70%] Built target my_robot_action__rosidl_typesupport_fastrtps_cpp
[ 70%] Built target my_robot_action__rosidl_typesupport_fastrtps_c
[ 70%] Built target my_robot_action
[ 74%] [34m[1mGenerating Python code for ROS interfaces[0m
[ 74%] Built target my_robot_action__py
[ 77%] [32mBuilding C object CMakeFiles/my_robot_action__rosidl_generator_py.dir/rosidl_generator_py/my_robot_action/action/_my_robot_s.c.o[0m
[ 80%] [32m[1mLinking C shared library rosidl_generator_py/my_robot_action/libmy_robot_action__rosidl_generator_py.so[0m
[ 80%] Built target my_robot_action__rosidl_generator_py
[ 87%] [32mBuilding C object CMakeFiles/my_robot_action__rosidl_typesupport_introspection_c__pyext.dir/rosidl_generator_py/my_robot_action/_my_robot_action_s.ep.rosidl_typesupport_introspection_c.c.o[0m
[ 87%] [32mBuilding C object CMakeFiles/my_robot_action__rosidl_typesupport_c__pyext.dir/rosidl_generator_py/my_robot_action/_my_robot_action_s.ep.rosidl_typesupport_c.c.o[0m
[ 90%] [32mBuilding C object CMakeFiles/my_robot_action__rosidl_typesupport_fastrtps_c__pyext.dir/rosidl_generator_py/my_robot_action/_my_robot_action_s.ep.rosidl_typesupport_fastrtps_c.c.o[0m
[ 96%] [32m[1mLinking C shared library rosidl_generator_py/my_robot_action/my_robot_action_s__rosidl_typesupport_c.cpython-310-x86_64-linux-gnu.so[0m
[ 96%] [32m[1mLinking C shared library rosidl_generator_py/my_robot_action/my_robot_action_s__rosidl_typesupport_fastrtps_c.cpython-310-x86_64-linux-gnu.so[0m
[100%] [32m[1mLinking C shared library rosidl_generator_py/my_robot_action/my_robot_action_s__rosidl_typesupport_introspection_c.cpython-310-x86_64-linux-gnu.so[0m
[100%] Built target my_robot_action__rosidl_typesupport_c__pyext
[100%] Built target my_robot_action__rosidl_typesupport_fastrtps_c__pyext
[100%] Built target my_robot_action__rosidl_typesupport_introspection_c__pyext
-- Install configuration: ""
-- Execute custom install script
-- Symlinking: /arm_ws/install/my_robot_action/share/ament_index/resource_index/rosidl_interfaces/my_robot_action
-- Symlinking: /arm_ws/install/my_robot_action/include/my_robot_action/my_robot_action/action/detail/my_robot__functions.h
-- Symlinking: /arm_ws/install/my_robot_action/include/my_robot_action/my_robot_action/action/detail/my_robot__struct.h
-- Symlinking: /arm_ws/install/my_robot_action/include/my_robot_action/my_robot_action/action/detail/my_robot__type_support.h
-- Symlinking: /arm_ws/install/my_robot_action/include/my_robot_action/my_robot_action/action/my_robot.h
-- Symlinking: /arm_ws/install/my_robot_action/include/my_robot_action/my_robot_action/msg/rosidl_generator_c__visibility_control.h
-- Symlinking: /arm_ws/install/my_robot_action/share/my_robot_action/environment/library_path.sh
-- Symlinking: /arm_ws/install/my_robot_action/share/my_robot_action/environment/library_path.dsv
-- Symlinking: /arm_ws/install/my_robot_action/include/my_robot_action/my_robot_action/action/detail/my_robot__rosidl_typesupport_fastrtps_c.h
-- Symlinking: /arm_ws/install/my_robot_action/include/my_robot_action/my_robot_action/msg/rosidl_typesupport_fastrtps_c__visibility_control.h
-- Symlinking: /arm_ws/install/my_robot_action/include/my_robot_action/my_robot_action/action/detail/my_robot__rosidl_typesupport_introspection_c.h
-- Symlinking: /arm_ws/install/my_robot_action/include/my_robot_action/my_robot_action/msg/rosidl_typesupport_introspection_c__visibility_control.h
-- Symlinking: /arm_ws/install/my_robot_action/include/my_robot_action/my_robot_action/action/detail/my_robot__builder.hpp
-- Symlinking: /arm_ws/install/my_robot_action/include/my_robot_action/my_robot_action/action/detail/my_robot__struct.hpp
-- Symlinking: /arm_ws/install/my_robot_action/include/my_robot_action/my_robot_action/action/detail/my_robot__traits.hpp
-- Symlinking: /arm_ws/install/my_robot_action/include/my_robot_action/my_robot_action/action/my_robot.hpp
-- Symlinking: /arm_ws/install/my_robot_action/include/my_robot_action/my_robot_action/action/detail/my_robot__rosidl_typesupport_fastrtps_cpp.hpp
-- Symlinking: /arm_ws/install/my_robot_action/include/my_robot_action/my_robot_action/msg/rosidl_typesupport_fastrtps_cpp__visibility_control.h
-- Symlinking: /arm_ws/install/my_robot_action/include/my_robot_action/my_robot_action/action/detail/my_robot__rosidl_typesupport_introspection_cpp.hpp
-- Symlinking: /arm_ws/install/my_robot_action/share/my_robot_action/environment/pythonpath.sh
-- Symlinking: /arm_ws/install/my_robot_action/share/my_robot_action/environment/pythonpath.dsv
-- Symlinking: /arm_ws/install/my_robot_action/local/lib/python3.10/dist-packages/my_robot_action-0.0.0-py3.10.egg-info/PKG-INFO
-- Symlinking: /arm_ws/install/my_robot_action/local/lib/python3.10/dist-packages/my_robot_action-0.0.0-py3.10.egg-info/SOURCES.txt
-- Symlinking: /arm_ws/install/my_robot_action/local/lib/python3.10/dist-packages/my_robot_action-0.0.0-py3.10.egg-info/dependency_links.txt
-- Symlinking: /arm_ws/install/my_robot_action/local/lib/python3.10/dist-packages/my_robot_action-0.0.0-py3.10.egg-info/top_level.txt
-- Symlinking: /arm_ws/install/my_robot_action/local/lib/python3.10/dist-packages/my_robot_action/__init__.py
-- Symlinking: /arm_ws/install/my_robot_action/local/lib/python3.10/dist-packages/my_robot_action/_my_robot_action_s.ep.rosidl_typesupport_c.c
-- Symlinking: /arm_ws/install/my_robot_action/local/lib/python3.10/dist-packages/my_robot_action/_my_robot_action_s.ep.rosidl_typesupport_fastrtps_c.c
-- Symlinking: /arm_ws/install/my_robot_action/local/lib/python3.10/dist-packages/my_robot_action/_my_robot_action_s.ep.rosidl_typesupport_introspection_c.c
-- Symlinking: /arm_ws/install/my_robot_action/local/lib/python3.10/dist-packages/my_robot_action/action/__init__.py
-- Symlinking: /arm_ws/install/my_robot_action/local/lib/python3.10/dist-packages/my_robot_action/action/_my_robot.py
-- Symlinking: /arm_ws/install/my_robot_action/local/lib/python3.10/dist-packages/my_robot_action/action/_my_robot_s.c
-- Symlinking: /arm_ws/install/my_robot_action/local/lib/python3.10/dist-packages/my_robot_action/libmy_robot_action__rosidl_generator_py.so
-- Symlinking: /arm_ws/install/my_robot_action/local/lib/python3.10/dist-packages/my_robot_action/my_robot_action_s__rosidl_typesupport_c.cpython-310-x86_64-linux-gnu.so
-- Symlinking: /arm_ws/install/my_robot_action/local/lib/python3.10/dist-packages/my_robot_action/my_robot_action_s__rosidl_typesupport_fastrtps_c.cpython-310-x86_64-linux-gnu.so
-- Symlinking: /arm_ws/install/my_robot_action/local/lib/python3.10/dist-packages/my_robot_action/my_robot_action_s__rosidl_typesupport_introspection_c.cpython-310-x86_64-linux-gnu.so
-- Up-to-date symlink: /arm_ws/install/my_robot_action/local/lib/python3.10/dist-packages/my_robot_action/my_robot_action_s__rosidl_typesupport_fastrtps_c.cpython-310-x86_64-linux-gnu.so
-- Up-to-date symlink: /arm_ws/install/my_robot_action/local/lib/python3.10/dist-packages/my_robot_action/my_robot_action_s__rosidl_typesupport_introspection_c.cpython-310-x86_64-linux-gnu.so
-- Up-to-date symlink: /arm_ws/install/my_robot_action/local/lib/python3.10/dist-packages/my_robot_action/my_robot_action_s__rosidl_typesupport_c.cpython-310-x86_64-linux-gnu.so
-- Symlinking: /arm_ws/install/my_robot_action/share/my_robot_action/action/MyRobot.idl
-- Symlinking: /arm_ws/install/my_robot_action/share/my_robot_action/action/MyRobot.action
-- Symlinking: /arm_ws/install/my_robot_action/share/ament_index/resource_index/package_run_dependencies/my_robot_action
-- Symlinking: /arm_ws/install/my_robot_action/share/ament_index/resource_index/parent_prefix_path/my_robot_action
-- Symlinking: /arm_ws/install/my_robot_action/share/my_robot_action/environment/ament_prefix_path.sh
-- Symlinking: /arm_ws/install/my_robot_action/share/my_robot_action/environment/ament_prefix_path.dsv
-- Symlinking: /arm_ws/install/my_robot_action/share/my_robot_action/environment/path.sh
-- Symlinking: /arm_ws/install/my_robot_action/share/my_robot_action/environment/path.dsv
-- Symlinking: /arm_ws/install/my_robot_action/share/my_robot_action/local_setup.bash
-- Symlinking: /arm_ws/install/my_robot_action/share/my_robot_action/local_setup.sh
-- Symlinking: /arm_ws/install/my_robot_action/share/my_robot_action/local_setup.zsh
-- Symlinking: /arm_ws/install/my_robot_action/share/my_robot_action/local_setup.dsv
-- Symlinking: /arm_ws/install/my_robot_action/share/my_robot_action/package.dsv
-- Symlinking: /arm_ws/install/my_robot_action/share/ament_index/resource_index/packages/my_robot_action
-- Symlinking: /arm_ws/install/my_robot_action/share/my_robot_action/cmake/rosidl_cmake-extras.cmake
-- Symlinking: /arm_ws/install/my_robot_action/share/my_robot_action/cmake/ament_cmake_export_dependencies-extras.cmake
-- Symlinking: /arm_ws/install/my_robot_action/share/my_robot_action/cmake/ament_cmake_export_include_directories-extras.cmake
-- Symlinking: /arm_ws/install/my_robot_action/share/my_robot_action/cmake/ament_cmake_export_libraries-extras.cmake
-- Symlinking: /arm_ws/install/my_robot_action/share/my_robot_action/cmake/ament_cmake_export_targets-extras.cmake
-- Symlinking: /arm_ws/install/my_robot_action/share/my_robot_action/cmake/rosidl_cmake_export_typesupport_targets-extras.cmake
-- Symlinking: /arm_ws/install/my_robot_action/share/my_robot_action/cmake/rosidl_cmake_export_typesupport_libraries-extras.cmake
-- Symlinking: /arm_ws/install/my_robot_action/share/my_robot_action/cmake/my_robot_actionConfig.cmake
-- Symlinking: /arm_ws/install/my_robot_action/share/my_robot_action/cmake/my_robot_actionConfig-version.cmake
-- Symlinking: /arm_ws/install/my_robot_action/share/my_robot_action/package.xml
-- Installing: /arm_ws/install/my_robot_action/lib/libmy_robot_action__rosidl_generator_c.so
-- Set runtime path of "/arm_ws/install/my_robot_action/lib/libmy_robot_action__rosidl_generator_c.so" to ""
-- Installing: /arm_ws/install/my_robot_action/lib/libmy_robot_action__rosidl_typesupport_fastrtps_c.so
-- Set runtime path of "/arm_ws/install/my_robot_action/lib/libmy_robot_action__rosidl_typesupport_fastrtps_c.so" to ""
-- Installing: /arm_ws/install/my_robot_action/lib/libmy_robot_action__rosidl_typesupport_introspection_c.so
-- Set runtime path of "/arm_ws/install/my_robot_action/lib/libmy_robot_action__rosidl_typesupport_introspection_c.so" to ""
-- Installing: /arm_ws/install/my_robot_action/lib/libmy_robot_action__rosidl_typesupport_c.so
-- Set runtime path of "/arm_ws/install/my_robot_action/lib/libmy_robot_action__rosidl_typesupport_c.so" to ""
-- Installing: /arm_ws/install/my_robot_action/lib/libmy_robot_action__rosidl_typesupport_fastrtps_cpp.so
-- Set runtime path of "/arm_ws/install/my_robot_action/lib/libmy_robot_action__rosidl_typesupport_fastrtps_cpp.so" to ""
-- Installing: /arm_ws/install/my_robot_action/lib/libmy_robot_action__rosidl_typesupport_introspection_cpp.so
-- Set runtime path of "/arm_ws/install/my_robot_action/lib/libmy_robot_action__rosidl_typesupport_introspection_cpp.so" to ""
-- Installing: /arm_ws/install/my_robot_action/lib/libmy_robot_action__rosidl_typesupport_cpp.so
-- Set runtime path of "/arm_ws/install/my_robot_action/lib/libmy_robot_action__rosidl_typesupport_cpp.so" to ""
Listing '/arm_ws/install/my_robot_action/local/lib/python3.10/dist-packages/my_robot_action'...
Compiling '/arm_ws/install/my_robot_action/local/lib/python3.10/dist-packages/my_robot_action/__init__.py'...
Listing '/arm_ws/install/my_robot_action/local/lib/python3.10/dist-packages/my_robot_action/action'...
Compiling '/arm_ws/install/my_robot_action/local/lib/python3.10/dist-packages/my_robot_action/action/__init__.py'...
Compiling '/arm_ws/install/my_robot_action/local/lib/python3.10/dist-packages/my_robot_action/action/_my_robot.py'...
-- Installing: /arm_ws/install/my_robot_action/lib/libmy_robot_action__rosidl_generator_py.so
-- Set runtime path of "/arm_ws/install/my_robot_action/lib/libmy_robot_action__rosidl_generator_py.so" to ""
-- Installing: /arm_ws/install/my_robot_action/share/my_robot_action/cmake/export_my_robot_action__rosidl_generator_cExport.cmake
-- Installing: /arm_ws/install/my_robot_action/share/my_robot_action/cmake/export_my_robot_action__rosidl_generator_cExport-noconfig.cmake
-- Installing: /arm_ws/install/my_robot_action/share/my_robot_action/cmake/export_my_robot_action__rosidl_typesupport_fastrtps_cExport.cmake
-- Installing: /arm_ws/install/my_robot_action/share/my_robot_action/cmake/export_my_robot_action__rosidl_typesupport_fastrtps_cExport-noconfig.cmake
-- Installing: /arm_ws/install/my_robot_action/share/my_robot_action/cmake/my_robot_action__rosidl_typesupport_introspection_cExport.cmake
-- Installing: /arm_ws/install/my_robot_action/share/my_robot_action/cmake/my_robot_action__rosidl_typesupport_introspection_cExport-noconfig.cmake
-- Installing: /arm_ws/install/my_robot_action/share/my_robot_action/cmake/my_robot_action__rosidl_typesupport_cExport.cmake
-- Installing: /arm_ws/install/my_robot_action/share/my_robot_action/cmake/my_robot_action__rosidl_typesupport_cExport-noconfig.cmake
-- Installing: /arm_ws/install/my_robot_action/share/my_robot_action/cmake/export_my_robot_action__rosidl_generator_cppExport.cmake
-- Installing: /arm_ws/install/my_robot_action/share/my_robot_action/cmake/export_my_robot_action__rosidl_typesupport_fastrtps_cppExport.cmake
-- Installing: /arm_ws/install/my_robot_action/share/my_robot_action/cmake/export_my_robot_action__rosidl_typesupport_fastrtps_cppExport-noconfig.cmake
-- Installing: /arm_ws/install/my_robot_action/share/my_robot_action/cmake/my_robot_action__rosidl_typesupport_introspection_cppExport.cmake
-- Installing: /arm_ws/install/my_robot_action/share/my_robot_action/cmake/my_robot_action__rosidl_typesupport_introspection_cppExport-noconfig.cmake
-- Installing: /arm_ws/install/my_robot_action/share/my_robot_action/cmake/my_robot_action__rosidl_typesupport_cppExport.cmake
-- Installing: /arm_ws/install/my_robot_action/share/my_robot_action/cmake/my_robot_action__rosidl_typesupport_cppExport-noconfig.cmake
-- Installing: /arm_ws/install/my_robot_action/share/my_robot_action/cmake/export_my_robot_action__rosidl_generator_pyExport.cmake
-- Installing: /arm_ws/install/my_robot_action/share/my_robot_action/cmake/export_my_robot_action__rosidl_generator_pyExport-noconfig.cmake
