[0.063s] Invoking command in '/arm_ws/build/my_robot_action': CMAKE_PREFIX_PATH=/opt/ros/humble /usr/bin/cmake /arm_ws/src/my_robot_action -DAMENT_CMAKE_SYMLINK_INSTALL=1 -DCMAKE_INSTALL_PREFIX=/arm_ws/install/my_robot_action
[0.080s] -- Found ament_cmake: 1.3.5 (/opt/ros/humble/share/ament_cmake/cmake)
[0.265s] -- Override CMake install command with custom implementation using symlinks instead of copying resources
[0.276s] -- Found ament_lint_auto: 0.12.8 (/opt/ros/humble/share/ament_lint_auto/cmake)
[0.369s] -- Found rosidl_default_generators: 1.2.0 (/opt/ros/humble/share/rosidl_default_generators/cmake)
[0.372s] -- Using all available rosidl_typesupport_c: rosidl_typesupport_fastrtps_c;rosidl_typesupport_introspection_c
[0.375s] -- Found rosidl_adapter: 3.1.5 (/opt/ros/humble/share/rosidl_adapter/cmake)
[0.413s] -- Using all available rosidl_typesupport_cpp: rosidl_typesupport_fastrtps_cpp;rosidl_typesupport_introspection_cpp
[1.500s] -- Found ament_cmake_ros: 0.10.0 (/opt/ros/humble/share/ament_cmake_ros/cmake)
[1.847s] -- Using all available rosidl_typesupport_c: rosidl_typesupport_fastrtps_c;rosidl_typesupport_introspection_c
[2.458s] -- Using all available rosidl_typesupport_cpp: rosidl_typesupport_fastrtps_cpp;rosidl_typesupport_introspection_cpp
[2.655s] -- Found PythonInterp: /usr/bin/python3 (found suitable version "3.10.12", minimum required is "3.6") 
[2.676s] -- Found python_cmake_module: 0.10.0 (/opt/ros/humble/share/python_cmake_module/cmake)
[2.783s] -- Found PythonLibs: /usr/lib/x86_64-linux-gnu/libpython3.10.so (found suitable version "3.10.12", minimum required is "3.5") 
[2.783s] -- Using PYTHON_EXECUTABLE: /usr/bin/python3
[2.784s] -- Using PYTHON_INCLUDE_DIRS: /usr/include/python3.10
[2.784s] -- Using PYTHON_LIBRARIES: /usr/lib/x86_64-linux-gnu/libpython3.10.so
[2.835s] -- Found PythonExtra: .so  
[2.965s] -- Added test 'lint_cmake' to check CMake code style
[2.970s] -- Added test 'xmllint' to check XML markup files
[3.041s] -- Configuring done
[3.161s] -- Generating done
[3.170s] -- Build files have been written to: /arm_ws/build/my_robot_action
[3.196s] Invoked command in '/arm_ws/build/my_robot_action' returned '0': CMAKE_PREFIX_PATH=/opt/ros/humble /usr/bin/cmake /arm_ws/src/my_robot_action -DAMENT_CMAKE_SYMLINK_INSTALL=1 -DCMAKE_INSTALL_PREFIX=/arm_ws/install/my_robot_action
[3.199s] Invoking command in '/arm_ws/build/my_robot_action': CMAKE_PREFIX_PATH=/opt/ros/humble /usr/bin/cmake --build /arm_ws/build/my_robot_action -- -j8 -l8
[3.279s] [  3%] [34m[1mGenerating C code for ROS interfaces[0m
[3.297s] [  6%] [34m[1mGenerating C++ code for ROS interfaces[0m
[3.325s] [  6%] Built target ament_cmake_python_symlink_my_robot_action
[3.773s] running egg_info
[3.774s] creating my_robot_action.egg-info
[3.774s] writing my_robot_action.egg-info/PKG-INFO
[3.775s] writing dependency_links to my_robot_action.egg-info/dependency_links.txt
[3.776s] writing top-level names to my_robot_action.egg-info/top_level.txt
[3.777s] writing manifest file 'my_robot_action.egg-info/SOURCES.txt'
[3.783s] reading manifest file 'my_robot_action.egg-info/SOURCES.txt'
[3.784s] writing manifest file 'my_robot_action.egg-info/SOURCES.txt'
[3.831s] [  6%] Built target ament_cmake_python_build_my_robot_action_egg
[4.218s] [  9%] [32mBuilding C object CMakeFiles/my_robot_action__rosidl_generator_c.dir/rosidl_generator_c/my_robot_action/action/detail/my_robot__functions.c.o[0m
[4.223s] [  9%] Built target my_robot_action__cpp
[4.243s] [ 16%] [34m[1mGenerating C++ type support for eProsima Fast-RTPS[0m
[4.244s] [ 16%] [34m[1mGenerating C++ type support dispatch for ROS interfaces[0m
[4.244s] [ 19%] [34m[1mGenerating C++ introspection for ROS interfaces[0m
[4.696s] [ 22%] [32m[1mLinking C shared library libmy_robot_action__rosidl_generator_c.so[0m
[4.874s] [ 22%] Built target my_robot_action__rosidl_generator_c
[4.875s] [ 25%] [32mBuilding CXX object CMakeFiles/my_robot_action__rosidl_typesupport_cpp.dir/rosidl_typesupport_cpp/my_robot_action/action/my_robot__type_support.cpp.o[0m
[4.892s] [ 35%] [34m[1mGenerating C introspection for ROS interfaces[0m
[4.892s] [ 35%] [34m[1mGenerating C type support dispatch for ROS interfaces[0m
[4.894s] [ 35%] [34m[1mGenerating C type support for eProsima Fast-RTPS[0m
[4.945s] [ 38%] [32mBuilding CXX object CMakeFiles/my_robot_action__rosidl_typesupport_introspection_cpp.dir/rosidl_typesupport_introspection_cpp/my_robot_action/action/detail/my_robot__type_support.cpp.o[0m
[5.057s] [ 41%] [32mBuilding CXX object CMakeFiles/my_robot_action__rosidl_typesupport_fastrtps_cpp.dir/rosidl_typesupport_fastrtps_cpp/my_robot_action/action/detail/dds_fastrtps/my_robot__type_support.cpp.o[0m
[5.456s] [ 45%] [32mBuilding CXX object CMakeFiles/my_robot_action__rosidl_typesupport_c.dir/rosidl_typesupport_c/my_robot_action/action/my_robot__type_support.cpp.o[0m
[5.610s] [ 48%] [32mBuilding C object CMakeFiles/my_robot_action__rosidl_typesupport_introspection_c.dir/rosidl_typesupport_introspection_c/my_robot_action/action/detail/my_robot__type_support.c.o[0m
[5.620s] [ 51%] [32m[1mLinking CXX shared library libmy_robot_action__rosidl_typesupport_c.so[0m
[5.658s] [ 54%] [32mBuilding CXX object CMakeFiles/my_robot_action__rosidl_typesupport_fastrtps_c.dir/rosidl_typesupport_fastrtps_c/my_robot_action/action/detail/my_robot__type_support_c.cpp.o[0m
[5.711s] [ 58%] [32m[1mLinking C shared library libmy_robot_action__rosidl_typesupport_introspection_c.so[0m
[5.720s] [ 58%] Built target my_robot_action__rosidl_typesupport_c
[5.832s] [ 58%] Built target my_robot_action__rosidl_typesupport_introspection_c
[5.981s] [ 61%] [32m[1mLinking CXX shared library libmy_robot_action__rosidl_typesupport_cpp.so[0m
[6.061s] [ 61%] Built target my_robot_action__rosidl_typesupport_cpp
[6.200s] [ 64%] [32m[1mLinking CXX shared library libmy_robot_action__rosidl_typesupport_introspection_cpp.so[0m
[6.251s] [ 67%] [32m[1mLinking CXX shared library libmy_robot_action__rosidl_typesupport_fastrtps_cpp.so[0m
[6.356s] [ 67%] Built target my_robot_action__rosidl_typesupport_introspection_cpp
[6.440s] [ 70%] [32m[1mLinking CXX shared library libmy_robot_action__rosidl_typesupport_fastrtps_c.so[0m
[6.459s] [ 70%] Built target my_robot_action__rosidl_typesupport_fastrtps_cpp
[6.727s] [ 70%] Built target my_robot_action__rosidl_typesupport_fastrtps_c
[6.759s] [ 70%] Built target my_robot_action
[6.795s] [ 74%] [34m[1mGenerating Python code for ROS interfaces[0m
[7.894s] [ 74%] Built target my_robot_action__py
[7.925s] [ 77%] [32mBuilding C object CMakeFiles/my_robot_action__rosidl_generator_py.dir/rosidl_generator_py/my_robot_action/action/_my_robot_s.c.o[0m
[8.242s] [ 80%] [32m[1mLinking C shared library rosidl_generator_py/my_robot_action/libmy_robot_action__rosidl_generator_py.so[0m
[8.318s] [ 80%] Built target my_robot_action__rosidl_generator_py
[8.343s] [ 87%] [32mBuilding C object CMakeFiles/my_robot_action__rosidl_typesupport_introspection_c__pyext.dir/rosidl_generator_py/my_robot_action/_my_robot_action_s.ep.rosidl_typesupport_introspection_c.c.o[0m
[8.344s] [ 87%] [32mBuilding C object CMakeFiles/my_robot_action__rosidl_typesupport_c__pyext.dir/rosidl_generator_py/my_robot_action/_my_robot_action_s.ep.rosidl_typesupport_c.c.o[0m
[8.344s] [ 90%] [32mBuilding C object CMakeFiles/my_robot_action__rosidl_typesupport_fastrtps_c__pyext.dir/rosidl_generator_py/my_robot_action/_my_robot_action_s.ep.rosidl_typesupport_fastrtps_c.c.o[0m
[8.530s] [ 96%] [32m[1mLinking C shared library rosidl_generator_py/my_robot_action/my_robot_action_s__rosidl_typesupport_c.cpython-310-x86_64-linux-gnu.so[0m
[8.530s] [ 96%] [32m[1mLinking C shared library rosidl_generator_py/my_robot_action/my_robot_action_s__rosidl_typesupport_fastrtps_c.cpython-310-x86_64-linux-gnu.so[0m
[8.540s] [100%] [32m[1mLinking C shared library rosidl_generator_py/my_robot_action/my_robot_action_s__rosidl_typesupport_introspection_c.cpython-310-x86_64-linux-gnu.so[0m
[8.605s] [100%] Built target my_robot_action__rosidl_typesupport_c__pyext
[8.605s] [100%] Built target my_robot_action__rosidl_typesupport_fastrtps_c__pyext
[8.624s] [100%] Built target my_robot_action__rosidl_typesupport_introspection_c__pyext
[8.639s] Invoked command in '/arm_ws/build/my_robot_action' returned '0': CMAKE_PREFIX_PATH=/opt/ros/humble /usr/bin/cmake --build /arm_ws/build/my_robot_action -- -j8 -l8
[8.734s] Invoking command in '/arm_ws/build/my_robot_action': CMAKE_PREFIX_PATH=/opt/ros/humble /usr/bin/cmake --install /arm_ws/build/my_robot_action
[8.743s] -- Install configuration: ""
[8.744s] -- Execute custom install script
[8.744s] -- Symlinking: /arm_ws/install/my_robot_action/share/ament_index/resource_index/rosidl_interfaces/my_robot_action
[8.757s] -- Symlinking: /arm_ws/install/my_robot_action/include/my_robot_action/my_robot_action/action/detail/my_robot__functions.h
[8.769s] -- Symlinking: /arm_ws/install/my_robot_action/include/my_robot_action/my_robot_action/action/detail/my_robot__struct.h
[8.780s] -- Symlinking: /arm_ws/install/my_robot_action/include/my_robot_action/my_robot_action/action/detail/my_robot__type_support.h
[8.793s] -- Symlinking: /arm_ws/install/my_robot_action/include/my_robot_action/my_robot_action/action/my_robot.h
[8.805s] -- Symlinking: /arm_ws/install/my_robot_action/include/my_robot_action/my_robot_action/msg/rosidl_generator_c__visibility_control.h
[8.816s] -- Symlinking: /arm_ws/install/my_robot_action/share/my_robot_action/environment/library_path.sh
[8.827s] -- Symlinking: /arm_ws/install/my_robot_action/share/my_robot_action/environment/library_path.dsv
[8.840s] -- Symlinking: /arm_ws/install/my_robot_action/include/my_robot_action/my_robot_action/action/detail/my_robot__rosidl_typesupport_fastrtps_c.h
[8.851s] -- Symlinking: /arm_ws/install/my_robot_action/include/my_robot_action/my_robot_action/msg/rosidl_typesupport_fastrtps_c__visibility_control.h
[8.861s] -- Symlinking: /arm_ws/install/my_robot_action/include/my_robot_action/my_robot_action/action/detail/my_robot__rosidl_typesupport_introspection_c.h
[8.875s] -- Symlinking: /arm_ws/install/my_robot_action/include/my_robot_action/my_robot_action/msg/rosidl_typesupport_introspection_c__visibility_control.h
[8.886s] -- Symlinking: /arm_ws/install/my_robot_action/include/my_robot_action/my_robot_action/action/detail/my_robot__builder.hpp
[8.895s] -- Symlinking: /arm_ws/install/my_robot_action/include/my_robot_action/my_robot_action/action/detail/my_robot__struct.hpp
[8.907s] -- Symlinking: /arm_ws/install/my_robot_action/include/my_robot_action/my_robot_action/action/detail/my_robot__traits.hpp
[8.922s] -- Symlinking: /arm_ws/install/my_robot_action/include/my_robot_action/my_robot_action/action/my_robot.hpp
[8.935s] -- Symlinking: /arm_ws/install/my_robot_action/include/my_robot_action/my_robot_action/action/detail/my_robot__rosidl_typesupport_fastrtps_cpp.hpp
[8.945s] -- Symlinking: /arm_ws/install/my_robot_action/include/my_robot_action/my_robot_action/msg/rosidl_typesupport_fastrtps_cpp__visibility_control.h
[8.957s] -- Symlinking: /arm_ws/install/my_robot_action/include/my_robot_action/my_robot_action/action/detail/my_robot__rosidl_typesupport_introspection_cpp.hpp
[8.969s] -- Symlinking: /arm_ws/install/my_robot_action/share/my_robot_action/environment/pythonpath.sh
[8.979s] -- Symlinking: /arm_ws/install/my_robot_action/share/my_robot_action/environment/pythonpath.dsv
[8.992s] -- Symlinking: /arm_ws/install/my_robot_action/local/lib/python3.10/dist-packages/my_robot_action-0.0.0-py3.10.egg-info/PKG-INFO
[9.005s] -- Symlinking: /arm_ws/install/my_robot_action/local/lib/python3.10/dist-packages/my_robot_action-0.0.0-py3.10.egg-info/SOURCES.txt
[9.015s] -- Symlinking: /arm_ws/install/my_robot_action/local/lib/python3.10/dist-packages/my_robot_action-0.0.0-py3.10.egg-info/dependency_links.txt
[9.027s] -- Symlinking: /arm_ws/install/my_robot_action/local/lib/python3.10/dist-packages/my_robot_action-0.0.0-py3.10.egg-info/top_level.txt
[9.040s] -- Symlinking: /arm_ws/install/my_robot_action/local/lib/python3.10/dist-packages/my_robot_action/__init__.py
[9.051s] -- Symlinking: /arm_ws/install/my_robot_action/local/lib/python3.10/dist-packages/my_robot_action/_my_robot_action_s.ep.rosidl_typesupport_c.c
[9.061s] -- Symlinking: /arm_ws/install/my_robot_action/local/lib/python3.10/dist-packages/my_robot_action/_my_robot_action_s.ep.rosidl_typesupport_fastrtps_c.c
[9.075s] -- Symlinking: /arm_ws/install/my_robot_action/local/lib/python3.10/dist-packages/my_robot_action/_my_robot_action_s.ep.rosidl_typesupport_introspection_c.c
[9.087s] -- Symlinking: /arm_ws/install/my_robot_action/local/lib/python3.10/dist-packages/my_robot_action/action/__init__.py
[9.097s] -- Symlinking: /arm_ws/install/my_robot_action/local/lib/python3.10/dist-packages/my_robot_action/action/_my_robot.py
[9.109s] -- Symlinking: /arm_ws/install/my_robot_action/local/lib/python3.10/dist-packages/my_robot_action/action/_my_robot_s.c
[9.121s] -- Symlinking: /arm_ws/install/my_robot_action/local/lib/python3.10/dist-packages/my_robot_action/libmy_robot_action__rosidl_generator_py.so
[9.131s] -- Symlinking: /arm_ws/install/my_robot_action/local/lib/python3.10/dist-packages/my_robot_action/my_robot_action_s__rosidl_typesupport_c.cpython-310-x86_64-linux-gnu.so
[9.144s] -- Symlinking: /arm_ws/install/my_robot_action/local/lib/python3.10/dist-packages/my_robot_action/my_robot_action_s__rosidl_typesupport_fastrtps_c.cpython-310-x86_64-linux-gnu.so
[9.156s] -- Symlinking: /arm_ws/install/my_robot_action/local/lib/python3.10/dist-packages/my_robot_action/my_robot_action_s__rosidl_typesupport_introspection_c.cpython-310-x86_64-linux-gnu.so
[9.167s] -- Up-to-date symlink: /arm_ws/install/my_robot_action/local/lib/python3.10/dist-packages/my_robot_action/my_robot_action_s__rosidl_typesupport_fastrtps_c.cpython-310-x86_64-linux-gnu.so
[9.168s] -- Up-to-date symlink: /arm_ws/install/my_robot_action/local/lib/python3.10/dist-packages/my_robot_action/my_robot_action_s__rosidl_typesupport_introspection_c.cpython-310-x86_64-linux-gnu.so
[9.168s] -- Up-to-date symlink: /arm_ws/install/my_robot_action/local/lib/python3.10/dist-packages/my_robot_action/my_robot_action_s__rosidl_typesupport_c.cpython-310-x86_64-linux-gnu.so
[9.168s] -- Symlinking: /arm_ws/install/my_robot_action/share/my_robot_action/action/MyRobot.idl
[9.179s] -- Symlinking: /arm_ws/install/my_robot_action/share/my_robot_action/action/MyRobot.action
[9.191s] -- Symlinking: /arm_ws/install/my_robot_action/share/ament_index/resource_index/package_run_dependencies/my_robot_action
[9.201s] -- Symlinking: /arm_ws/install/my_robot_action/share/ament_index/resource_index/parent_prefix_path/my_robot_action
[9.215s] -- Symlinking: /arm_ws/install/my_robot_action/share/my_robot_action/environment/ament_prefix_path.sh
[9.228s] -- Symlinking: /arm_ws/install/my_robot_action/share/my_robot_action/environment/ament_prefix_path.dsv
[9.238s] -- Symlinking: /arm_ws/install/my_robot_action/share/my_robot_action/environment/path.sh
[9.246s] -- Symlinking: /arm_ws/install/my_robot_action/share/my_robot_action/environment/path.dsv
[9.261s] -- Symlinking: /arm_ws/install/my_robot_action/share/my_robot_action/local_setup.bash
[9.278s] -- Symlinking: /arm_ws/install/my_robot_action/share/my_robot_action/local_setup.sh
[9.287s] -- Symlinking: /arm_ws/install/my_robot_action/share/my_robot_action/local_setup.zsh
[9.296s] -- Symlinking: /arm_ws/install/my_robot_action/share/my_robot_action/local_setup.dsv
[9.309s] -- Symlinking: /arm_ws/install/my_robot_action/share/my_robot_action/package.dsv
[9.324s] -- Symlinking: /arm_ws/install/my_robot_action/share/ament_index/resource_index/packages/my_robot_action
[9.336s] -- Symlinking: /arm_ws/install/my_robot_action/share/my_robot_action/cmake/rosidl_cmake-extras.cmake
[9.346s] -- Symlinking: /arm_ws/install/my_robot_action/share/my_robot_action/cmake/ament_cmake_export_dependencies-extras.cmake
[9.358s] -- Symlinking: /arm_ws/install/my_robot_action/share/my_robot_action/cmake/ament_cmake_export_include_directories-extras.cmake
[9.370s] -- Symlinking: /arm_ws/install/my_robot_action/share/my_robot_action/cmake/ament_cmake_export_libraries-extras.cmake
[9.380s] -- Symlinking: /arm_ws/install/my_robot_action/share/my_robot_action/cmake/ament_cmake_export_targets-extras.cmake
[9.392s] -- Symlinking: /arm_ws/install/my_robot_action/share/my_robot_action/cmake/rosidl_cmake_export_typesupport_targets-extras.cmake
[9.405s] -- Symlinking: /arm_ws/install/my_robot_action/share/my_robot_action/cmake/rosidl_cmake_export_typesupport_libraries-extras.cmake
[9.415s] -- Symlinking: /arm_ws/install/my_robot_action/share/my_robot_action/cmake/my_robot_actionConfig.cmake
[9.427s] -- Symlinking: /arm_ws/install/my_robot_action/share/my_robot_action/cmake/my_robot_actionConfig-version.cmake
[9.439s] -- Symlinking: /arm_ws/install/my_robot_action/share/my_robot_action/package.xml
[9.450s] -- Installing: /arm_ws/install/my_robot_action/lib/libmy_robot_action__rosidl_generator_c.so
[9.451s] -- Set runtime path of "/arm_ws/install/my_robot_action/lib/libmy_robot_action__rosidl_generator_c.so" to ""
[9.451s] -- Installing: /arm_ws/install/my_robot_action/lib/libmy_robot_action__rosidl_typesupport_fastrtps_c.so
[9.451s] -- Set runtime path of "/arm_ws/install/my_robot_action/lib/libmy_robot_action__rosidl_typesupport_fastrtps_c.so" to ""
[9.452s] -- Installing: /arm_ws/install/my_robot_action/lib/libmy_robot_action__rosidl_typesupport_introspection_c.so
[9.452s] -- Set runtime path of "/arm_ws/install/my_robot_action/lib/libmy_robot_action__rosidl_typesupport_introspection_c.so" to ""
[9.452s] -- Installing: /arm_ws/install/my_robot_action/lib/libmy_robot_action__rosidl_typesupport_c.so
[9.453s] -- Set runtime path of "/arm_ws/install/my_robot_action/lib/libmy_robot_action__rosidl_typesupport_c.so" to ""
[9.453s] -- Installing: /arm_ws/install/my_robot_action/lib/libmy_robot_action__rosidl_typesupport_fastrtps_cpp.so
[9.454s] -- Set runtime path of "/arm_ws/install/my_robot_action/lib/libmy_robot_action__rosidl_typesupport_fastrtps_cpp.so" to ""
[9.454s] -- Installing: /arm_ws/install/my_robot_action/lib/libmy_robot_action__rosidl_typesupport_introspection_cpp.so
[9.455s] -- Set runtime path of "/arm_ws/install/my_robot_action/lib/libmy_robot_action__rosidl_typesupport_introspection_cpp.so" to ""
[9.455s] -- Installing: /arm_ws/install/my_robot_action/lib/libmy_robot_action__rosidl_typesupport_cpp.so
[9.455s] -- Set runtime path of "/arm_ws/install/my_robot_action/lib/libmy_robot_action__rosidl_typesupport_cpp.so" to ""
[9.528s] Listing '/arm_ws/install/my_robot_action/local/lib/python3.10/dist-packages/my_robot_action'...
[9.528s] Compiling '/arm_ws/install/my_robot_action/local/lib/python3.10/dist-packages/my_robot_action/__init__.py'...
[9.528s] Listing '/arm_ws/install/my_robot_action/local/lib/python3.10/dist-packages/my_robot_action/action'...
[9.528s] Compiling '/arm_ws/install/my_robot_action/local/lib/python3.10/dist-packages/my_robot_action/action/__init__.py'...
[9.528s] Compiling '/arm_ws/install/my_robot_action/local/lib/python3.10/dist-packages/my_robot_action/action/_my_robot.py'...
[9.535s] -- Installing: /arm_ws/install/my_robot_action/lib/libmy_robot_action__rosidl_generator_py.so
[9.535s] -- Set runtime path of "/arm_ws/install/my_robot_action/lib/libmy_robot_action__rosidl_generator_py.so" to ""
[9.535s] -- Installing: /arm_ws/install/my_robot_action/share/my_robot_action/cmake/export_my_robot_action__rosidl_generator_cExport.cmake
[9.536s] -- Installing: /arm_ws/install/my_robot_action/share/my_robot_action/cmake/export_my_robot_action__rosidl_generator_cExport-noconfig.cmake
[9.536s] -- Installing: /arm_ws/install/my_robot_action/share/my_robot_action/cmake/export_my_robot_action__rosidl_typesupport_fastrtps_cExport.cmake
[9.536s] -- Installing: /arm_ws/install/my_robot_action/share/my_robot_action/cmake/export_my_robot_action__rosidl_typesupport_fastrtps_cExport-noconfig.cmake
[9.536s] -- Installing: /arm_ws/install/my_robot_action/share/my_robot_action/cmake/my_robot_action__rosidl_typesupport_introspection_cExport.cmake
[9.536s] -- Installing: /arm_ws/install/my_robot_action/share/my_robot_action/cmake/my_robot_action__rosidl_typesupport_introspection_cExport-noconfig.cmake
[9.537s] -- Installing: /arm_ws/install/my_robot_action/share/my_robot_action/cmake/my_robot_action__rosidl_typesupport_cExport.cmake
[9.537s] -- Installing: /arm_ws/install/my_robot_action/share/my_robot_action/cmake/my_robot_action__rosidl_typesupport_cExport-noconfig.cmake
[9.537s] -- Installing: /arm_ws/install/my_robot_action/share/my_robot_action/cmake/export_my_robot_action__rosidl_generator_cppExport.cmake
[9.538s] -- Installing: /arm_ws/install/my_robot_action/share/my_robot_action/cmake/export_my_robot_action__rosidl_typesupport_fastrtps_cppExport.cmake
[9.538s] -- Installing: /arm_ws/install/my_robot_action/share/my_robot_action/cmake/export_my_robot_action__rosidl_typesupport_fastrtps_cppExport-noconfig.cmake
[9.538s] -- Installing: /arm_ws/install/my_robot_action/share/my_robot_action/cmake/my_robot_action__rosidl_typesupport_introspection_cppExport.cmake
[9.538s] -- Installing: /arm_ws/install/my_robot_action/share/my_robot_action/cmake/my_robot_action__rosidl_typesupport_introspection_cppExport-noconfig.cmake
[9.538s] -- Installing: /arm_ws/install/my_robot_action/share/my_robot_action/cmake/my_robot_action__rosidl_typesupport_cppExport.cmake
[9.539s] -- Installing: /arm_ws/install/my_robot_action/share/my_robot_action/cmake/my_robot_action__rosidl_typesupport_cppExport-noconfig.cmake
[9.539s] -- Installing: /arm_ws/install/my_robot_action/share/my_robot_action/cmake/export_my_robot_action__rosidl_generator_pyExport.cmake
[9.539s] -- Installing: /arm_ws/install/my_robot_action/share/my_robot_action/cmake/export_my_robot_action__rosidl_generator_pyExport-noconfig.cmake
[9.542s] Invoked command in '/arm_ws/build/my_robot_action' returned '0': CMAKE_PREFIX_PATH=/opt/ros/humble /usr/bin/cmake --install /arm_ws/build/my_robot_action
