[0.143s] Invoking command in '/arm_ws/build/my_robot_action': CMAKE_PREFIX_PATH=${CMAKE_PREFIX_PATH}:/opt/ros/humble /usr/bin/cmake /arm_ws/src/my_robot_action -DAMENT_CMAKE_SYMLINK_INSTALL=1 -DCMAKE_INSTALL_PREFIX=/arm_ws/install/my_robot_action
[0.791s] -- The C compiler identification is GNU 11.4.0
[2.465s] -- The CXX compiler identification is GNU 11.4.0
[2.603s] -- Detecting C compiler ABI info
[3.168s] -- Detecting C compiler ABI info - done
[3.190s] -- Check for working C compiler: /usr/bin/cc - skipped
[3.191s] -- Detecting C compile features
[3.196s] -- Detecting C compile features - done
[3.210s] -- Detecting CXX compiler ABI info
[3.420s] -- Detecting CXX compiler ABI info - done
[3.444s] -- Check for working CXX compiler: /usr/bin/c++ - skipped
[3.445s] -- Detecting CXX compile features
[3.446s] -- Detecting CXX compile features - done
[3.599s] -- Found ament_cmake: 1.3.5 (/opt/ros/humble/share/ament_cmake/cmake)
[4.270s] -- Found Python3: /usr/bin/python3.10 (found version "3.10.12") found components: Interpreter 
[4.423s] -- Override CMake install command with custom implementation using symlinks instead of copying resources
[4.684s] -- Found ament_lint_auto: 0.12.8 (/opt/ros/humble/share/ament_lint_auto/cmake)
[4.892s] -- Found rosidl_default_generators: 1.2.0 (/opt/ros/humble/share/rosidl_default_generators/cmake)
[4.933s] -- Using all available rosidl_typesupport_c: rosidl_typesupport_fastrtps_c;rosidl_typesupport_introspection_c
[4.978s] -- Found rosidl_adapter: 3.1.5 (/opt/ros/humble/share/rosidl_adapter/cmake)
[5.378s] -- Using all available rosidl_typesupport_cpp: rosidl_typesupport_fastrtps_cpp;rosidl_typesupport_introspection_cpp
[5.530s] [31mCMake Error at /opt/ros/humble/share/rosidl_cmake/cmake/rosidl_generate_interfaces.cmake:93 (message):
[5.530s]   rosidl_generate_interfaces() the passed file 'action/MyRobot.action'
[5.530s]   doesn't exist relative to the CMAKE_CURRENT_SOURCE_DIR
[5.530s]   '/arm_ws/src/my_robot_action'
[5.530s] Call Stack (most recent call first):
[5.530s]   CMakeLists.txt:27 (rosidl_generate_interfaces)
[5.530s] 
[5.531s] [0m
[5.531s] -- Configuring incomplete, errors occurred!
[5.531s] See also "/arm_ws/build/my_robot_action/CMakeFiles/CMakeOutput.log".
[5.537s] Invoked command in '/arm_ws/build/my_robot_action' returned '1': CMAKE_PREFIX_PATH=${CMAKE_PREFIX_PATH}:/opt/ros/humble /usr/bin/cmake /arm_ws/src/my_robot_action -DAMENT_CMAKE_SYMLINK_INSTALL=1 -DCMAKE_INSTALL_PREFIX=/arm_ws/install/my_robot_action
