[1.364s] DEBUG:colcon:Command line arguments: ['/usr/bin/colcon', 'build', '--symlink-install', '--packages-select', 'my_robot_action']
[1.365s] DEBUG:colcon:Parsed command line arguments: Namespace(log_base=None, log_level=None, verb_name='build', build_base='build', install_base='install', merge_install=False, symlink_install=True, test_result_base=None, continue_on_error=False, executor='parallel', parallel_workers=8, event_handlers=None, ignore_user_meta=False, metas=['./colcon.meta'], base_paths=['.'], packages_ignore=None, packages_ignore_regex=None, paths=None, packages_up_to=None, packages_up_to_regex=None, packages_above=None, packages_above_and_dependencies=None, packages_above_depth=None, packages_select_by_dep=None, packages_skip_by_dep=None, packages_skip_up_to=None, packages_select_build_failed=False, packages_skip_build_finished=False, packages_select_test_failures=False, packages_skip_test_passed=False, packages_select=['my_robot_action'], packages_skip=None, packages_select_regex=None, packages_skip_regex=None, packages_start=None, packages_end=None, cmake_args=None, cmake_target=None, cmake_target_skip_unavailable=False, cmake_clean_cache=False, cmake_clean_first=False, cmake_force_configure=False, ament_cmake_args=None, catkin_cmake_args=None, catkin_skip_building_tests=False, mixin_files=None, mixin=None, verb_parser=<colcon_mixin.mixin.mixin_argument.MixinArgumentDecorator object at 0x7fe33565a230>, verb_extension=<colcon_core.verb.build.BuildVerb object at 0x7fe335659900>, main=<bound method BuildVerb.main of <colcon_core.verb.build.BuildVerb object at 0x7fe335659900>>, mixin_verb=('build',))
[1.450s] Level 1:colcon.colcon_core.package_discovery:discover_packages(colcon_meta) check parameters
[1.451s] INFO:colcon.colcon_metadata.package_discovery.colcon_meta:Using configuration from '/root/.colcon/metadata/default/Gazebo.meta'
[1.451s] INFO:colcon.colcon_metadata.package_discovery.colcon_meta:Using configuration from '/root/.colcon/metadata/default/fastrtps.meta'
[1.451s] Level 1:colcon.colcon_core.package_discovery:discover_packages(recursive) check parameters
[1.451s] Level 1:colcon.colcon_core.package_discovery:discover_packages(ignore) check parameters
[1.451s] Level 1:colcon.colcon_core.package_discovery:discover_packages(path) check parameters
[1.451s] Level 1:colcon.colcon_core.package_discovery:discover_packages(colcon_meta) discover
[1.451s] Level 1:colcon.colcon_core.package_discovery:discover_packages(recursive) discover
[1.451s] INFO:colcon.colcon_core.package_discovery:Crawling recursively for packages in '/arm_ws'
[1.451s] Level 1:colcon.colcon_core.package_identification:_identify(.) by extensions ['ignore', 'ignore_ament_install']
[1.452s] Level 1:colcon.colcon_core.package_identification:_identify(.) by extension 'ignore'
[1.452s] Level 1:colcon.colcon_core.package_identification:_identify(.) by extension 'ignore_ament_install'
[1.452s] Level 1:colcon.colcon_core.package_identification:_identify(.) by extensions ['colcon_pkg']
[1.452s] Level 1:colcon.colcon_core.package_identification:_identify(.) by extension 'colcon_pkg'
[1.452s] Level 1:colcon.colcon_core.package_identification:_identify(.) by extensions ['colcon_meta']
[1.452s] Level 1:colcon.colcon_core.package_identification:_identify(.) by extension 'colcon_meta'
[1.452s] Level 1:colcon.colcon_core.package_identification:_identify(.) by extensions ['ros']
[1.452s] Level 1:colcon.colcon_core.package_identification:_identify(.) by extension 'ros'
[1.471s] Level 1:colcon.colcon_core.package_identification:_identify(.) by extensions ['cmake', 'python']
[1.471s] Level 1:colcon.colcon_core.package_identification:_identify(.) by extension 'cmake'
[1.471s] Level 1:colcon.colcon_core.package_identification:_identify(.) by extension 'python'
[1.471s] Level 1:colcon.colcon_core.package_identification:_identify(.) by extensions ['python_setup_py']
[1.471s] Level 1:colcon.colcon_core.package_identification:_identify(.) by extension 'python_setup_py'
[1.472s] Level 1:colcon.colcon_core.package_identification:_identify(build) by extensions ['ignore', 'ignore_ament_install']
[1.472s] Level 1:colcon.colcon_core.package_identification:_identify(build) by extension 'ignore'
[1.473s] Level 1:colcon.colcon_core.package_identification:_identify(build) ignored
[1.473s] Level 1:colcon.colcon_core.package_identification:_identify(install) by extensions ['ignore', 'ignore_ament_install']
[1.473s] Level 1:colcon.colcon_core.package_identification:_identify(install) by extension 'ignore'
[1.473s] Level 1:colcon.colcon_core.package_identification:_identify(install) ignored
[1.473s] Level 1:colcon.colcon_core.package_identification:_identify(log) by extensions ['ignore', 'ignore_ament_install']
[1.474s] Level 1:colcon.colcon_core.package_identification:_identify(log) by extension 'ignore'
[1.474s] Level 1:colcon.colcon_core.package_identification:_identify(log) ignored
[1.474s] Level 1:colcon.colcon_core.package_identification:_identify(src) by extensions ['ignore', 'ignore_ament_install']
[1.474s] Level 1:colcon.colcon_core.package_identification:_identify(src) by extension 'ignore'
[1.475s] Level 1:colcon.colcon_core.package_identification:_identify(src) by extension 'ignore_ament_install'
[1.475s] Level 1:colcon.colcon_core.package_identification:_identify(src) by extensions ['colcon_pkg']
[1.475s] Level 1:colcon.colcon_core.package_identification:_identify(src) by extension 'colcon_pkg'
[1.475s] Level 1:colcon.colcon_core.package_identification:_identify(src) by extensions ['colcon_meta']
[1.475s] Level 1:colcon.colcon_core.package_identification:_identify(src) by extension 'colcon_meta'
[1.475s] Level 1:colcon.colcon_core.package_identification:_identify(src) by extensions ['ros']
[1.475s] Level 1:colcon.colcon_core.package_identification:_identify(src) by extension 'ros'
[1.475s] Level 1:colcon.colcon_core.package_identification:_identify(src) by extensions ['cmake', 'python']
[1.475s] Level 1:colcon.colcon_core.package_identification:_identify(src) by extension 'cmake'
[1.475s] Level 1:colcon.colcon_core.package_identification:_identify(src) by extension 'python'
[1.475s] Level 1:colcon.colcon_core.package_identification:_identify(src) by extensions ['python_setup_py']
[1.475s] Level 1:colcon.colcon_core.package_identification:_identify(src) by extension 'python_setup_py'
[1.475s] Level 1:colcon.colcon_core.package_identification:_identify(src/arm02) by extensions ['ignore', 'ignore_ament_install']
[1.475s] Level 1:colcon.colcon_core.package_identification:_identify(src/arm02) by extension 'ignore'
[1.476s] Level 1:colcon.colcon_core.package_identification:_identify(src/arm02) by extension 'ignore_ament_install'
[1.476s] Level 1:colcon.colcon_core.package_identification:_identify(src/arm02) by extensions ['colcon_pkg']
[1.476s] Level 1:colcon.colcon_core.package_identification:_identify(src/arm02) by extension 'colcon_pkg'
[1.476s] Level 1:colcon.colcon_core.package_identification:_identify(src/arm02) by extensions ['colcon_meta']
[1.476s] Level 1:colcon.colcon_core.package_identification:_identify(src/arm02) by extension 'colcon_meta'
[1.476s] Level 1:colcon.colcon_core.package_identification:_identify(src/arm02) by extensions ['ros']
[1.476s] Level 1:colcon.colcon_core.package_identification:_identify(src/arm02) by extension 'ros'
[1.479s] DEBUG:colcon.colcon_core.package_identification:Package 'src/arm02' with type 'ros.ament_cmake' and name 'arm02'
[1.480s] Level 1:colcon.colcon_core.package_identification:_identify(src/fibonacci_sequence_action) by extensions ['ignore', 'ignore_ament_install']
[1.480s] Level 1:colcon.colcon_core.package_identification:_identify(src/fibonacci_sequence_action) by extension 'ignore'
[1.480s] Level 1:colcon.colcon_core.package_identification:_identify(src/fibonacci_sequence_action) by extension 'ignore_ament_install'
[1.480s] Level 1:colcon.colcon_core.package_identification:_identify(src/fibonacci_sequence_action) by extensions ['colcon_pkg']
[1.480s] Level 1:colcon.colcon_core.package_identification:_identify(src/fibonacci_sequence_action) by extension 'colcon_pkg'
[1.480s] Level 1:colcon.colcon_core.package_identification:_identify(src/fibonacci_sequence_action) by extensions ['colcon_meta']
[1.480s] Level 1:colcon.colcon_core.package_identification:_identify(src/fibonacci_sequence_action) by extension 'colcon_meta'
[1.480s] Level 1:colcon.colcon_core.package_identification:_identify(src/fibonacci_sequence_action) by extensions ['ros']
[1.480s] Level 1:colcon.colcon_core.package_identification:_identify(src/fibonacci_sequence_action) by extension 'ros'
[1.480s] Level 1:colcon.colcon_core.package_identification:_identify(src/fibonacci_sequence_action) by extensions ['cmake', 'python']
[1.480s] Level 1:colcon.colcon_core.package_identification:_identify(src/fibonacci_sequence_action) by extension 'cmake'
[1.482s] Level 1:colcon.colcon_core.package_identification:_identify(src/fibonacci_sequence_action) by extension 'python'
[1.482s] DEBUG:colcon.colcon_core.package_identification:Package 'src/fibonacci_sequence_action' with type 'cmake' and name 'fibonacci_sequence_action'
[1.482s] Level 1:colcon.colcon_core.package_identification:_identify(src/my_robot_action) by extensions ['ignore', 'ignore_ament_install']
[1.482s] Level 1:colcon.colcon_core.package_identification:_identify(src/my_robot_action) by extension 'ignore'
[1.482s] Level 1:colcon.colcon_core.package_identification:_identify(src/my_robot_action) by extension 'ignore_ament_install'
[1.482s] Level 1:colcon.colcon_core.package_identification:_identify(src/my_robot_action) by extensions ['colcon_pkg']
[1.482s] Level 1:colcon.colcon_core.package_identification:_identify(src/my_robot_action) by extension 'colcon_pkg'
[1.482s] Level 1:colcon.colcon_core.package_identification:_identify(src/my_robot_action) by extensions ['colcon_meta']
[1.482s] Level 1:colcon.colcon_core.package_identification:_identify(src/my_robot_action) by extension 'colcon_meta'
[1.482s] Level 1:colcon.colcon_core.package_identification:_identify(src/my_robot_action) by extensions ['ros']
[1.482s] Level 1:colcon.colcon_core.package_identification:_identify(src/my_robot_action) by extension 'ros'
[1.483s] DEBUG:colcon.colcon_core.package_identification:Package 'src/my_robot_action' with type 'ros.ament_cmake' and name 'my_robot_action'
[1.483s] Level 1:colcon.colcon_core.package_discovery:discover_packages(recursive) using defaults
[1.483s] Level 1:colcon.colcon_core.package_discovery:discover_packages(ignore) discover
[1.483s] Level 1:colcon.colcon_core.package_discovery:discover_packages(ignore) using defaults
[1.483s] Level 1:colcon.colcon_core.package_discovery:discover_packages(path) discover
[1.483s] Level 1:colcon.colcon_core.package_discovery:discover_packages(path) using defaults
[1.556s] INFO:colcon.colcon_core.package_selection:Skipping not selected package 'arm02' in 'src/arm02'
[1.556s] INFO:colcon.colcon_core.package_selection:Skipping not selected package 'fibonacci_sequence_action' in 'src/fibonacci_sequence_action'
[1.568s] Level 5:colcon.colcon_core.verb:set package 'my_robot_action' build argument 'cmake_args' from command line to 'None'
[1.568s] Level 5:colcon.colcon_core.verb:set package 'my_robot_action' build argument 'cmake_target' from command line to 'None'
[1.568s] Level 5:colcon.colcon_core.verb:set package 'my_robot_action' build argument 'cmake_target_skip_unavailable' from command line to 'False'
[1.568s] Level 5:colcon.colcon_core.verb:set package 'my_robot_action' build argument 'cmake_clean_cache' from command line to 'False'
[1.568s] Level 5:colcon.colcon_core.verb:set package 'my_robot_action' build argument 'cmake_clean_first' from command line to 'False'
[1.568s] Level 5:colcon.colcon_core.verb:set package 'my_robot_action' build argument 'cmake_force_configure' from command line to 'False'
[1.568s] Level 5:colcon.colcon_core.verb:set package 'my_robot_action' build argument 'ament_cmake_args' from command line to 'None'
[1.568s] Level 5:colcon.colcon_core.verb:set package 'my_robot_action' build argument 'catkin_cmake_args' from command line to 'None'
[1.568s] Level 5:colcon.colcon_core.verb:set package 'my_robot_action' build argument 'catkin_skip_building_tests' from command line to 'False'
[1.568s] DEBUG:colcon.colcon_core.verb:Building package 'my_robot_action' with the following arguments: {'ament_cmake_args': None, 'build_base': '/arm_ws/build/my_robot_action', 'catkin_cmake_args': None, 'catkin_skip_building_tests': False, 'cmake_args': None, 'cmake_clean_cache': False, 'cmake_clean_first': False, 'cmake_force_configure': False, 'cmake_target': None, 'cmake_target_skip_unavailable': False, 'install_base': '/arm_ws/install/my_robot_action', 'merge_install': False, 'path': '/arm_ws/src/my_robot_action', 'symlink_install': True, 'test_result_base': None}
[1.584s] INFO:colcon.colcon_core.executor:Executing jobs using 'parallel' executor
[1.600s] DEBUG:colcon.colcon_parallel_executor.executor.parallel:run_until_complete
[1.600s] INFO:colcon.colcon_ros.task.ament_cmake.build:Building ROS package in '/arm_ws/src/my_robot_action' with build type 'ament_cmake'
[1.600s] INFO:colcon.colcon_cmake.task.cmake.build:Building CMake package in '/arm_ws/src/my_robot_action'
[1.624s] INFO:colcon.colcon_core.plugin_system:Skipping extension 'colcon_core.shell.bat': Not used on non-Windows systems
[1.624s] INFO:colcon.colcon_core.shell:Skip shell extension 'powershell' for command environment: Not usable outside of PowerShell
[1.624s] DEBUG:colcon.colcon_core.shell:Skip shell extension 'dsv' for command environment
[1.684s] DEBUG:colcon.colcon_core.event_handler.log_command:Invoking command in '/arm_ws/build/my_robot_action': CMAKE_PREFIX_PATH=${CMAKE_PREFIX_PATH}:/opt/ros/humble /usr/bin/cmake --build /arm_ws/build/my_robot_action -- -j8 -l8
[5.555s] DEBUG:colcon.colcon_core.event_handler.log_command:Invoked command in '/arm_ws/build/my_robot_action' returned '0': CMAKE_PREFIX_PATH=${CMAKE_PREFIX_PATH}:/opt/ros/humble /usr/bin/cmake --build /arm_ws/build/my_robot_action -- -j8 -l8
[5.649s] DEBUG:colcon.colcon_core.event_handler.log_command:Invoking command in '/arm_ws/build/my_robot_action': CMAKE_PREFIX_PATH=${CMAKE_PREFIX_PATH}:/opt/ros/humble /usr/bin/cmake --install /arm_ws/build/my_robot_action
[5.758s] Level 1:colcon.colcon_core.environment:create_environment_scripts_only(my_robot_action)
[5.758s] DEBUG:colcon.colcon_core.event_handler.log_command:Invoked command in '/arm_ws/build/my_robot_action' returned '0': CMAKE_PREFIX_PATH=${CMAKE_PREFIX_PATH}:/opt/ros/humble /usr/bin/cmake --install /arm_ws/build/my_robot_action
[5.776s] Level 1:colcon.colcon_core.environment:checking '/arm_ws/install/my_robot_action' for CMake module files
[5.778s] Level 1:colcon.colcon_core.environment:checking '/arm_ws/install/my_robot_action' for CMake config files
[5.779s] Level 1:colcon.colcon_core.shell:create_environment_hook('my_robot_action', 'cmake_prefix_path')
[5.798s] INFO:colcon.colcon_core.shell:Creating environment hook '/arm_ws/install/my_robot_action/share/my_robot_action/hook/cmake_prefix_path.ps1'
[5.798s] INFO:colcon.colcon_core.shell:Creating environment descriptor '/arm_ws/install/my_robot_action/share/my_robot_action/hook/cmake_prefix_path.dsv'
[5.799s] INFO:colcon.colcon_core.shell:Creating environment hook '/arm_ws/install/my_robot_action/share/my_robot_action/hook/cmake_prefix_path.sh'
[5.800s] Level 1:colcon.colcon_core.environment:checking '/arm_ws/install/my_robot_action/lib'
[5.800s] Level 1:colcon.colcon_core.shell:create_environment_hook('my_robot_action', 'ld_library_path_lib')
[5.815s] INFO:colcon.colcon_core.shell:Creating environment hook '/arm_ws/install/my_robot_action/share/my_robot_action/hook/ld_library_path_lib.ps1'
[5.815s] INFO:colcon.colcon_core.shell:Creating environment descriptor '/arm_ws/install/my_robot_action/share/my_robot_action/hook/ld_library_path_lib.dsv'
[5.815s] INFO:colcon.colcon_core.shell:Creating environment hook '/arm_ws/install/my_robot_action/share/my_robot_action/hook/ld_library_path_lib.sh'
[5.816s] Level 1:colcon.colcon_core.environment:checking '/arm_ws/install/my_robot_action/bin'
[5.816s] Level 1:colcon.colcon_core.environment:checking '/arm_ws/install/my_robot_action/lib/pkgconfig/my_robot_action.pc'
[5.818s] Level 1:colcon.colcon_core.environment:checking '/arm_ws/install/my_robot_action/lib/python3.10/site-packages'
[5.819s] Level 1:colcon.colcon_core.environment:checking '/arm_ws/install/my_robot_action/bin'
[5.836s] INFO:colcon.colcon_core.shell:Creating package script '/arm_ws/install/my_robot_action/share/my_robot_action/package.ps1'
[5.838s] INFO:colcon.colcon_core.shell:Creating package descriptor '/arm_ws/install/my_robot_action/share/my_robot_action/package.dsv'
[5.838s] INFO:colcon.colcon_core.shell:Creating package script '/arm_ws/install/my_robot_action/share/my_robot_action/package.sh'
[5.840s] INFO:colcon.colcon_core.shell:Creating package script '/arm_ws/install/my_robot_action/share/my_robot_action/package.bash'
[5.841s] INFO:colcon.colcon_core.shell:Creating package script '/arm_ws/install/my_robot_action/share/my_robot_action/package.zsh'
[5.842s] Level 1:colcon.colcon_core.environment:create_file_with_runtime_dependencies(/arm_ws/install/my_robot_action/share/colcon-core/packages/my_robot_action)
[5.947s] Level 1:colcon.colcon_core.environment:create_environment_scripts_only(my_robot_action)
[5.961s] Level 1:colcon.colcon_core.environment:checking '/arm_ws/install/my_robot_action' for CMake module files
[5.962s] Level 1:colcon.colcon_core.environment:checking '/arm_ws/install/my_robot_action' for CMake config files
[5.962s] Level 1:colcon.colcon_core.shell:create_environment_hook('my_robot_action', 'cmake_prefix_path')
[5.980s] INFO:colcon.colcon_core.shell:Creating environment hook '/arm_ws/install/my_robot_action/share/my_robot_action/hook/cmake_prefix_path.ps1'
[5.981s] INFO:colcon.colcon_core.shell:Creating environment descriptor '/arm_ws/install/my_robot_action/share/my_robot_action/hook/cmake_prefix_path.dsv'
[5.982s] INFO:colcon.colcon_core.shell:Creating environment hook '/arm_ws/install/my_robot_action/share/my_robot_action/hook/cmake_prefix_path.sh'
[5.982s] Level 1:colcon.colcon_core.environment:checking '/arm_ws/install/my_robot_action/lib'
[5.983s] Level 1:colcon.colcon_core.shell:create_environment_hook('my_robot_action', 'ld_library_path_lib')
[6.001s] INFO:colcon.colcon_core.shell:Creating environment hook '/arm_ws/install/my_robot_action/share/my_robot_action/hook/ld_library_path_lib.ps1'
[6.003s] INFO:colcon.colcon_core.shell:Creating environment descriptor '/arm_ws/install/my_robot_action/share/my_robot_action/hook/ld_library_path_lib.dsv'
[6.003s] INFO:colcon.colcon_core.shell:Creating environment hook '/arm_ws/install/my_robot_action/share/my_robot_action/hook/ld_library_path_lib.sh'
[6.004s] Level 1:colcon.colcon_core.environment:checking '/arm_ws/install/my_robot_action/bin'
[6.004s] Level 1:colcon.colcon_core.environment:checking '/arm_ws/install/my_robot_action/lib/pkgconfig/my_robot_action.pc'
[6.004s] Level 1:colcon.colcon_core.environment:checking '/arm_ws/install/my_robot_action/lib/python3.10/site-packages'
[6.004s] Level 1:colcon.colcon_core.environment:checking '/arm_ws/install/my_robot_action/bin'
[6.017s] INFO:colcon.colcon_core.shell:Creating package script '/arm_ws/install/my_robot_action/share/my_robot_action/package.ps1'
[6.018s] INFO:colcon.colcon_core.shell:Creating package descriptor '/arm_ws/install/my_robot_action/share/my_robot_action/package.dsv'
[6.019s] INFO:colcon.colcon_core.shell:Creating package script '/arm_ws/install/my_robot_action/share/my_robot_action/package.sh'
[6.020s] INFO:colcon.colcon_core.shell:Creating package script '/arm_ws/install/my_robot_action/share/my_robot_action/package.bash'
[6.020s] INFO:colcon.colcon_core.shell:Creating package script '/arm_ws/install/my_robot_action/share/my_robot_action/package.zsh'
[6.020s] Level 1:colcon.colcon_core.environment:create_file_with_runtime_dependencies(/arm_ws/install/my_robot_action/share/colcon-core/packages/my_robot_action)
[6.021s] DEBUG:colcon.colcon_parallel_executor.executor.parallel:closing loop
[6.022s] DEBUG:colcon.colcon_parallel_executor.executor.parallel:loop closed
[6.022s] DEBUG:colcon.colcon_parallel_executor.executor.parallel:run_until_complete finished with '0'
[6.023s] DEBUG:colcon.colcon_core.event_reactor:joining thread
[6.051s] INFO:colcon.colcon_core.plugin_system:Skipping extension 'colcon_notification.desktop_notification.notify_send': Could not find 'notify-send'
[6.051s] INFO:colcon.colcon_core.plugin_system:Skipping extension 'colcon_notification.desktop_notification.terminal_notifier': Not used on non-Darwin systems
[6.051s] INFO:colcon.colcon_core.plugin_system:Skipping extension 'colcon_notification.desktop_notification.win32': Not used on non-Windows systems
[6.051s] INFO:colcon.colcon_notification.desktop_notification:Sending desktop notification using 'notify2'
[6.056s] DEBUG:colcon.colcon_notification.desktop_notification.notify2:Failed to initialize notify2: org.freedesktop.DBus.Error.Spawn.ExecFailed: /usr/bin/dbus-launch terminated abnormally without any error message
[6.057s] DEBUG:colcon.colcon_core.event_reactor:joined thread
[6.073s] INFO:colcon.colcon_core.shell:Creating prefix script '/arm_ws/install/local_setup.ps1'
[6.074s] INFO:colcon.colcon_core.shell:Creating prefix util module '/arm_ws/install/_local_setup_util_ps1.py'
[6.075s] INFO:colcon.colcon_core.shell:Creating prefix chain script '/arm_ws/install/setup.ps1'
[6.092s] INFO:colcon.colcon_core.shell:Creating prefix script '/arm_ws/install/local_setup.sh'
[6.094s] INFO:colcon.colcon_core.shell:Creating prefix util module '/arm_ws/install/_local_setup_util_sh.py'
[6.096s] INFO:colcon.colcon_core.shell:Creating prefix chain script '/arm_ws/install/setup.sh'
[6.114s] INFO:colcon.colcon_core.shell:Creating prefix script '/arm_ws/install/local_setup.bash'
[6.115s] INFO:colcon.colcon_core.shell:Creating prefix chain script '/arm_ws/install/setup.bash'
[6.131s] INFO:colcon.colcon_core.shell:Creating prefix script '/arm_ws/install/local_setup.zsh'
[6.132s] INFO:colcon.colcon_core.shell:Creating prefix chain script '/arm_ws/install/setup.zsh'
