-- The C compiler identification is GNU 11.4.0
-- The CXX compiler identification is GNU 11.4.0
-- Detecting C compiler ABI info
-- Detecting C compiler ABI info - done
-- Check for working C compiler: /usr/bin/cc - skipped
-- Detecting C compile features
-- Detecting C compile features - done
-- Detecting CXX compiler ABI info
-- Detecting CXX compiler ABI info - done
-- Check for working CXX compiler: /usr/bin/c++ - skipped
-- Detecting CXX compile features
-- Detecting CXX compile features - done
-- Found ament_cmake: 1.3.5 (/opt/ros/humble/share/ament_cmake/cmake)
-- Found Python3: /usr/bin/python3.10 (found version "3.10.12") found components: Interpreter 
-- Override CMake install command with custom implementation using symlinks instead of copying resources
-- Found rclpy: 3.3.10 (/opt/ros/humble/share/rclpy/cmake)
-- Found ament_lint_auto: 0.12.8 (/opt/ros/humble/share/ament_lint_auto/cmake)
-- Added test 'flake8' to check Python code syntax and style conventions
-- Added test 'lint_cmake' to check CMake code style
-- Added test 'pep257' to check Python code against some of the docstring style conventions in PEP 257
-- Added test 'xmllint' to check XML markup files
-- Configuring done
-- Generating done
-- Build files have been written to: /arm_ws/build/arm02
-- Install configuration: ""
-- Execute custom install script
-- Symlinking: /arm_ws/install/arm02/share/arm02//launch/arm02_world.launch.py
-- Symlinking: /arm_ws/install/arm02/share/arm02//worlds/arm02.sdf
-- Symlinking: /arm_ws/install/arm02/share/ament_index/resource_index/package_run_dependencies/arm02
-- Symlinking: /arm_ws/install/arm02/share/ament_index/resource_index/parent_prefix_path/arm02
-- Symlinking: /arm_ws/install/arm02/share/arm02/environment/ament_prefix_path.sh
-- Symlinking: /arm_ws/install/arm02/share/arm02/environment/ament_prefix_path.dsv
-- Symlinking: /arm_ws/install/arm02/share/arm02/environment/path.sh
-- Symlinking: /arm_ws/install/arm02/share/arm02/environment/path.dsv
-- Symlinking: /arm_ws/install/arm02/share/arm02/local_setup.bash
-- Symlinking: /arm_ws/install/arm02/share/arm02/local_setup.sh
-- Symlinking: /arm_ws/install/arm02/share/arm02/local_setup.zsh
-- Symlinking: /arm_ws/install/arm02/share/arm02/local_setup.dsv
-- Symlinking: /arm_ws/install/arm02/share/arm02/package.dsv
-- Symlinking: /arm_ws/install/arm02/share/ament_index/resource_index/packages/arm02
-- Symlinking: /arm_ws/install/arm02/share/arm02/cmake/arm02Config.cmake
-- Symlinking: /arm_ws/install/arm02/share/arm02/cmake/arm02Config-version.cmake
-- Symlinking: /arm_ws/install/arm02/share/arm02/package.xml
