[0.026s] Invoking command in '/arm_ws/build/arm02': CMAKE_PREFIX_PATH=/opt/ros/humble /usr/bin/cmake /arm_ws/src/arm02 -DAMENT_CMAKE_SYMLINK_INSTALL=1 -DCMAKE_INSTALL_PREFIX=/arm_ws/install/arm02
[0.060s] -- The C compiler identification is GNU 11.4.0
[0.089s] -- The CXX compiler identification is GNU 11.4.0
[0.093s] -- Detecting C compiler ABI info
[0.136s] -- Detecting C compiler ABI info - done
[0.139s] -- Check for working C compiler: /usr/bin/cc - skipped
[0.139s] -- Detecting C compile features
[0.140s] -- Detecting C compile features - done
[0.141s] -- Detecting CXX compiler ABI info
[0.207s] -- Detecting CXX compiler ABI info - done
[0.211s] -- Check for working CXX compiler: /usr/bin/c++ - skipped
[0.211s] -- Detecting CXX compile features
[0.211s] -- Detecting CXX compile features - done
[0.213s] -- Found ament_cmake: 1.3.5 (/opt/ros/humble/share/ament_cmake/cmake)
[0.310s] -- Found Python3: /usr/bin/python3.10 (found version "3.10.12") found components: Interpreter 
[0.341s] -- Override CMake install command with custom implementation using symlinks instead of copying resources
[0.356s] -- Found rclpy: 3.3.10 (/opt/ros/humble/share/rclpy/cmake)
[0.357s] -- Found ament_lint_auto: 0.12.8 (/opt/ros/humble/share/ament_lint_auto/cmake)
[0.398s] -- Added test 'flake8' to check Python code syntax and style conventions
[0.398s] -- Added test 'lint_cmake' to check CMake code style
[0.398s] -- Added test 'pep257' to check Python code against some of the docstring style conventions in PEP 257
[0.399s] -- Added test 'xmllint' to check XML markup files
[0.400s] -- Configuring done
[0.401s] -- Generating done
[0.402s] -- Build files have been written to: /arm_ws/build/arm02
[0.404s] Invoked command in '/arm_ws/build/arm02' returned '0': CMAKE_PREFIX_PATH=/opt/ros/humble /usr/bin/cmake /arm_ws/src/arm02 -DAMENT_CMAKE_SYMLINK_INSTALL=1 -DCMAKE_INSTALL_PREFIX=/arm_ws/install/arm02
[0.405s] Invoking command in '/arm_ws/build/arm02': CMAKE_PREFIX_PATH=/opt/ros/humble /usr/bin/cmake --build /arm_ws/build/arm02 -- -j24 -l24
[0.423s] Invoked command in '/arm_ws/build/arm02' returned '0': CMAKE_PREFIX_PATH=/opt/ros/humble /usr/bin/cmake --build /arm_ws/build/arm02 -- -j24 -l24
[0.445s] Invoking command in '/arm_ws/build/arm02': CMAKE_PREFIX_PATH=/opt/ros/humble /usr/bin/cmake --install /arm_ws/build/arm02
[0.455s] -- Install configuration: ""
[0.455s] -- Execute custom install script
[0.456s] -- Symlinking: /arm_ws/install/arm02/share/arm02//launch/arm02_world.launch.py
[0.464s] -- Symlinking: /arm_ws/install/arm02/share/arm02//worlds/arm02.sdf
[0.470s] -- Symlinking: /arm_ws/install/arm02/share/ament_index/resource_index/package_run_dependencies/arm02
[0.476s] -- Symlinking: /arm_ws/install/arm02/share/ament_index/resource_index/parent_prefix_path/arm02
[0.487s] -- Symlinking: /arm_ws/install/arm02/share/arm02/environment/ament_prefix_path.sh
[0.496s] -- Symlinking: /arm_ws/install/arm02/share/arm02/environment/ament_prefix_path.dsv
[0.506s] -- Symlinking: /arm_ws/install/arm02/share/arm02/environment/path.sh
[0.513s] -- Symlinking: /arm_ws/install/arm02/share/arm02/environment/path.dsv
[0.524s] -- Symlinking: /arm_ws/install/arm02/share/arm02/local_setup.bash
[0.534s] -- Symlinking: /arm_ws/install/arm02/share/arm02/local_setup.sh
[0.545s] -- Symlinking: /arm_ws/install/arm02/share/arm02/local_setup.zsh
[0.557s] -- Symlinking: /arm_ws/install/arm02/share/arm02/local_setup.dsv
[0.562s] -- Symlinking: /arm_ws/install/arm02/share/arm02/package.dsv
[0.566s] -- Symlinking: /arm_ws/install/arm02/share/ament_index/resource_index/packages/arm02
[0.570s] -- Symlinking: /arm_ws/install/arm02/share/arm02/cmake/arm02Config.cmake
[0.576s] -- Symlinking: /arm_ws/install/arm02/share/arm02/cmake/arm02Config-version.cmake
[0.582s] -- Symlinking: /arm_ws/install/arm02/share/arm02/package.xml
[0.587s] Invoked command in '/arm_ws/build/arm02' returned '0': CMAKE_PREFIX_PATH=/opt/ros/humble /usr/bin/cmake --install /arm_ws/build/arm02
